<?xml version="1.0" encoding="UTF-8"?>
<!-- Generated by org.testng.reporters.JUnitXMLReporter -->
<testsuite hostname="Medweb-QSG" name="Default test" tests="4" failures="0" timestamp="5 Dec 2016 10:14:04 GMT" time="383.169" errors="0">
  <testcase name="testHappyDay107967" time="288.737" classname="requirementGroup.SmokeSuit.RISMonitor.HappyDayMonitor"/>
  <testcase name="testHappyDay70553" time="13.666" classname="requirementGroup.SmokeSuit.RISMonitor.HappyDayMonitor"/>
  <testcase name="testHappyDay70554" time="14.031" classname="requirementGroup.SmokeSuit.RISMonitor.HappyDayMonitor"/>
  <testcase name="testHappyDay70556" time="42.467" classname="requirementGroup.SmokeSuit.RISMonitor.HappyDayMonitor"/>
</testsuite> <!-- Default test -->
