<?xml version="1.0" encoding="UTF-8"?>
<testng-results skipped="0" failed="0" total="1" passed="1">
  <reporter-output>
  </reporter-output>
  <suite name="Default suite" duration-ms="99711" started-at="2017-09-01T07:29:37Z" finished-at="2017-09-01T07:31:16Z">
    <groups>
    </groups>
    <test name="Default test" duration-ms="99711" started-at="2017-09-01T07:29:37Z" finished-at="2017-09-01T07:31:16Z">
      <class name="rh4CommercialServer.requirementGroup.smokeSuit.Users.HappyDayCreateUser">
        <test-method status="PASS" signature="setUp()[pri:0, instance:rh4CommercialServer.requirementGroup.smokeSuit.Users.HappyDayCreateUser@333291e3]" name="setUp" is-config="true" duration-ms="2996" started-at="2017-09-01T12:59:37Z" finished-at="2017-09-01T12:59:40Z">
          <reporter-output>
          </reporter-output>
        </test-method> <!-- setUp -->
        <test-method status="PASS" signature="b()[pri:0, instance:rh4CommercialServer.requirementGroup.smokeSuit.Users.HappyDayCreateUser@333291e3]" name="b" duration-ms="93081" started-at="2017-09-01T12:59:40Z" finished-at="2017-09-01T13:01:13Z">
          <reporter-output>
          </reporter-output>
        </test-method> <!-- b -->
        <test-method status="PASS" signature="tearDown()[pri:0, instance:rh4CommercialServer.requirementGroup.smokeSuit.Users.HappyDayCreateUser@333291e3]" name="tearDown" is-config="true" duration-ms="3606" started-at="2017-09-01T13:01:13Z" finished-at="2017-09-01T13:01:16Z">
          <reporter-output>
          </reporter-output>
        </test-method> <!-- tearDown -->
      </class> <!-- rh4CommercialServer.requirementGroup.smokeSuit.Users.HappyDayCreateUser -->
    </test> <!-- Default test -->
  </suite> <!-- Default suite -->
</testng-results>
