<?xml version="1.0" encoding="UTF-8"?>
<!-- Generated by org.testng.reporters.JUnitReportReporter -->
<testsuite hostname="qsg-PC" name="requirementGroup.SettingUpStatusTypes.HappyDayCreateTextStatusType" tests="2" failures="0" timestamp="2 Sep 2015 10:08:24 GMT" time="534.972" errors="0">
  <testcase name="testHappyDay83388" time="222.874" classname="requirementGroup.SettingUpStatusTypes.HappyDayCreateTextStatusType"/>
  <testcase name="testHappyDay68660" time="312.098" classname="requirementGroup.SettingUpStatusTypes.HappyDayCreateTextStatusType"/>
</testsuite> <!-- requirementGroup.SettingUpStatusTypes.HappyDayCreateTextStatusType -->
