<?xml version="1.0" encoding="UTF-8"?>
<!-- Generated by org.testng.reporters.JUnitReportReporter -->
<testsuite hostname="qsg-PC" name="requirementGroup.SettingRegionInterfaces.HappyDayDeleteRegionInterfaceOfTypeLegacyGetHospitalStatus" tests="1" failures="0" timestamp="28 Sep 2015 12:44:44 GMT" time="602.916" errors="0">
  <testcase name="testHappyDay129483" time="602.916" classname="requirementGroup.SettingRegionInterfaces.HappyDayDeleteRegionInterfaceOfTypeLegacyGetHospitalStatus"/>
</testsuite> <!-- requirementGroup.SettingRegionInterfaces.HappyDayDeleteRegionInterfaceOfTypeLegacyGetHospitalStatus -->
