<?xml version="1.0" encoding="UTF-8"?>
<!-- Generated by org.testng.reporters.JUnitReportReporter -->
<testsuite hostname="qsg-PC" name="requirementGroup.SettingRegionInterfaces.HappyDayCreaterRegionInterfaceOfTypeGetCADStatus" tests="1" failures="0" timestamp="30 Jul 2015 07:07:22 GMT" time="392.952" errors="0">
  <testcase name="testHappyDay94122" time="392.952" classname="requirementGroup.SettingRegionInterfaces.HappyDayCreaterRegionInterfaceOfTypeGetCADStatus"/>
</testsuite> <!-- requirementGroup.SettingRegionInterfaces.HappyDayCreaterRegionInterfaceOfTypeGetCADStatus -->
