<?xml version="1.0" encoding="UTF-8"?>
<!-- Generated by org.testng.reporters.JUnitReportReporter -->
<testsuite hostname="Medweb-QSG" name="requirementGroup.SmokeSuit.Users.HappyDaySearchUsers" tests="2" failures="0" timestamp="12 Oct 2016 22:51:57 GMT" time="193.270" errors="0">
  <testcase name="testHappyDay164191" time="86.571" classname="requirementGroup.SmokeSuit.Users.HappyDaySearchUsers"/>
  <testcase name="testHappyDay164183" time="106.699" classname="requirementGroup.SmokeSuit.Users.HappyDaySearchUsers"/>
</testsuite> <!-- requirementGroup.SmokeSuit.Users.HappyDaySearchUsers -->
