<?xml version="1.0" encoding="UTF-8"?>
<!-- Generated by org.testng.reporters.JUnitReportReporter -->
<testsuite hostname="Medweb-QSG" name="requirementGroup.SmokeSuit.ViewPatients.HappyDayImageManagementToolsManageStudiesFields" tests="6" failures="0" timestamp="10 Nov 2016 09:30:31 GMT" time="1145.493" errors="0">
  <testcase name="testHappyDay68486" time="152.224" classname="requirementGroup.SmokeSuit.ViewPatients.HappyDayImageManagementToolsManageStudiesFields"/>
  <testcase name="testHappyDay68524" time="229.887" classname="requirementGroup.SmokeSuit.ViewPatients.HappyDayImageManagementToolsManageStudiesFields"/>
  <testcase name="testHappyDay68531" time="256.486" classname="requirementGroup.SmokeSuit.ViewPatients.HappyDayImageManagementToolsManageStudiesFields"/>
  <testcase name="testHappyDay128903" time="113.068" classname="requirementGroup.SmokeSuit.ViewPatients.HappyDayImageManagementToolsManageStudiesFields"/>
  <testcase name="testHappyDay68501" time="205.370" classname="requirementGroup.SmokeSuit.ViewPatients.HappyDayImageManagementToolsManageStudiesFields"/>
  <testcase name="testHappyDay90713" time="188.458" classname="requirementGroup.SmokeSuit.ViewPatients.HappyDayImageManagementToolsManageStudiesFields"/>
</testsuite> <!-- requirementGroup.SmokeSuit.ViewPatients.HappyDayImageManagementToolsManageStudiesFields -->
