<?xml version="1.0" encoding="UTF-8"?>
<!-- Generated by org.testng.reporters.JUnitReportReporter -->
<testsuite hostname="Medweb-QSG" name="rh6CommercialServer.requirementGroup.smokeSuit.Users.HappyDayAdministratorUserRights" tests="1" failures="0" timestamp="23 Dec 2016 11:58:15 GMT" time="245.125" errors="0">
  <testcase name="testHappyDay165611" time="245.125" classname="rh6CommercialServer.requirementGroup.smokeSuit.Users.HappyDayAdministratorUserRights"/>
</testsuite> <!-- rh6CommercialServer.requirementGroup.smokeSuit.Users.HappyDayAdministratorUserRights -->
