<html>
<head>
<title>TestNG:  Test(failed)(failed)(failed)(failed)(failed)</title>
<link href="../testng.css" rel="stylesheet" type="text/css" />
<link href="../my-testng.css" rel="stylesheet" type="text/css" />

<style type="text/css">
.log { display: none;} 
.stack-trace { display: none;} 
</style>
<script type="text/javascript">
<!--
function flip(e) {
  current = e.style.display;
  if (current == 'block') {
    e.style.display = 'none';
    return 0;
  }
  else {
    e.style.display = 'block';
    return 1;
  }
}

function toggleBox(szDivId, elem, msg1, msg2)
{
  var res = -1;  if (document.getElementById) {
    res = flip(document.getElementById(szDivId));
  }
  else if (document.all) {
    // this is the way old msie versions work
    res = flip(document.all[szDivId]);
  }
  if(elem) {
    if(res == 0) elem.innerHTML = msg1; else elem.innerHTML = msg2;
  }

}

function toggleAllBoxes() {
  if (document.getElementsByTagName) {
    d = document.getElementsByTagName('div');
    for (i = 0; i < d.length; i++) {
      if (d[i].className == 'log') {
        flip(d[i]);
      }
    }
  }
}

// -->
</script>

</head>
<body>
<h2 align='center'>Test(failed)(failed)(failed)(failed)(failed)</h2><table border='1' align="center">
<tr>
<td>Tests passed/Failed/Skipped:</td><td>3/8/19</td>
</tr><tr>
<td>Started on:</td><td>Fri Oct 09 16:23:14 IST 2015</td>
</tr>
<tr><td>Total time:</td><td>921 seconds (921302 ms)</td>
</tr><tr>
<td>Included groups:</td><td></td>
</tr><tr>
<td>Excluded groups:</td><td></td>
</tr>
</table><p/>
<small><i>(Hover the method name to see the test class name)</i></small><p/>
<table width='100%' border='1' class='invocation-failed'>
<tr><td colspan='4' align='center'><b>FAILED CONFIGURATIONS</b></td></tr>
<tr><td><b>Test method</b></td>
<td width="30%"><b>Exception</b></td>
<td width="10%"><b>Time (seconds)</b></td>
<td><b>Instance</b></td>
</tr>
<tr>
<td title='requirementGroup.DICOMSettings.HappyDayLocalSettings.tearDown()'><b>tearDown</b><br>Test class: requirementGroup.DICOMSettings.HappyDayLocalSettings</td>
<td><div><pre>org.openqa.selenium.NoSuchWindowException: Unable to get browser (WARNING: The server did not provide any stacktrace information)
Command duration or timeout: 16 milliseconds
Build info: version: &apos;2.46.0&apos;, revision: &apos;61506a4624b13675f24581e453592342b7485d71&apos;, time: &apos;2015-06-04 10:22:50&apos;
System info: host: &apos;Medweb-QSG&apos;, ip: &apos;192.168.27.51&apos;, os.name: &apos;Windows 8&apos;, os.arch: &apos;amd64&apos;, os.version: &apos;6.2&apos;, java.version: &apos;1.7.0_51&apos;
Session ID: d7106ceb-80e1-4045-b4c3-fc79cf27f9ef
Driver info: org.openqa.selenium.ie.InternetExplorerDriver
Capabilities [{platform=WINDOWS, javascriptEnabled=true, elementScrollBehavior=0, ignoreZoomSetting=false, enablePersistentHover=true, ie.ensureCleanSession=false, browserName=internet explorer, enableElementCacheCleanup=true, unexpectedAlertBehaviour=dismiss, version=11, pageLoadStrategy=normal, ie.usePerProcessProxy=false, cssSelectorsEnabled=true, ignoreProtectedModeSettings=false, requireWindowFocus=false, initialBrowserUrl=http://localhost:36962/, handlesAlerts=true, ie.forceCreateProcessApi=false, nativeEvents=true, browserAttachTimeout=0, ie.browserCommandLineSwitches=, takesScreenshot=true}]
	at org.openqa.selenium.remote.ErrorHandler.createThrowable(ErrorHandler.java:204)
	at org.openqa.selenium.remote.ErrorHandler.throwIfResponseFailed(ErrorHandler.java:156)
	at org.openqa.selenium.remote.RemoteWebDriver.execute(RemoteWebDriver.java:605)
	at org.openqa.selenium.remote.RemoteWebDriver.execute(RemoteWebDriver.java:628)
	at org.openqa.selenium.remote.RemoteWebDriver.close(RemoteWebDriver.java:469)
	at qaframework.lib.testngExtensions.TestNG_UI_EXTENSIONSForOneBrowser.tearDown(TestNG_UI_EXTENSIONSForOneBrowser.java:83)
... Removed 30 stack frames</pre></div><a href='#' onClick='toggleBox("stack-trace758527710", this, "Click to show all stack frames", "Click to hide stack frames")'>Click to show all stack frames</a>
<div class='stack-trace' id='stack-trace758527710'><pre>org.openqa.selenium.NoSuchWindowException: Unable to get browser (WARNING: The server did not provide any stacktrace information)
Command duration or timeout: 16 milliseconds
Build info: version: &apos;2.46.0&apos;, revision: &apos;61506a4624b13675f24581e453592342b7485d71&apos;, time: &apos;2015-06-04 10:22:50&apos;
System info: host: &apos;Medweb-QSG&apos;, ip: &apos;192.168.27.51&apos;, os.name: &apos;Windows 8&apos;, os.arch: &apos;amd64&apos;, os.version: &apos;6.2&apos;, java.version: &apos;1.7.0_51&apos;
Session ID: d7106ceb-80e1-4045-b4c3-fc79cf27f9ef
Driver info: org.openqa.selenium.ie.InternetExplorerDriver
Capabilities [{platform=WINDOWS, javascriptEnabled=true, elementScrollBehavior=0, ignoreZoomSetting=false, enablePersistentHover=true, ie.ensureCleanSession=false, browserName=internet explorer, enableElementCacheCleanup=true, unexpectedAlertBehaviour=dismiss, version=11, pageLoadStrategy=normal, ie.usePerProcessProxy=false, cssSelectorsEnabled=true, ignoreProtectedModeSettings=false, requireWindowFocus=false, initialBrowserUrl=http://localhost:36962/, handlesAlerts=true, ie.forceCreateProcessApi=false, nativeEvents=true, browserAttachTimeout=0, ie.browserCommandLineSwitches=, takesScreenshot=true}]
	at sun.reflect.NativeConstructorAccessorImpl.newInstance0(Native Method)
	at sun.reflect.NativeConstructorAccessorImpl.newInstance(NativeConstructorAccessorImpl.java:57)
	at sun.reflect.DelegatingConstructorAccessorImpl.newInstance(DelegatingConstructorAccessorImpl.java:45)
	at java.lang.reflect.Constructor.newInstance(Constructor.java:526)
	at org.openqa.selenium.remote.ErrorHandler.createThrowable(ErrorHandler.java:204)
	at org.openqa.selenium.remote.ErrorHandler.throwIfResponseFailed(ErrorHandler.java:156)
	at org.openqa.selenium.remote.RemoteWebDriver.execute(RemoteWebDriver.java:605)
	at org.openqa.selenium.remote.RemoteWebDriver.execute(RemoteWebDriver.java:628)
	at org.openqa.selenium.remote.RemoteWebDriver.close(RemoteWebDriver.java:469)
	at qaframework.lib.testngExtensions.TestNG_UI_EXTENSIONSForOneBrowser.tearDown(TestNG_UI_EXTENSIONSForOneBrowser.java:83)
	at sun.reflect.NativeMethodAccessorImpl.invoke0(Native Method)
	at sun.reflect.NativeMethodAccessorImpl.invoke(NativeMethodAccessorImpl.java:57)
	at sun.reflect.DelegatingMethodAccessorImpl.invoke(DelegatingMethodAccessorImpl.java:43)
	at java.lang.reflect.Method.invoke(Method.java:606)
	at org.testng.internal.MethodInvocationHelper.invokeMethod(MethodInvocationHelper.java:85)
	at org.testng.internal.Invoker.invokeConfigurationMethod(Invoker.java:515)
	at org.testng.internal.Invoker.invokeConfigurations(Invoker.java:213)
	at org.testng.internal.Invoker.invokeMethod(Invoker.java:721)
	at org.testng.internal.Invoker.invokeTestMethod(Invoker.java:834)
	at org.testng.internal.Invoker.invokeTestMethods(Invoker.java:1142)
	at org.testng.internal.TestMethodWorker.invokeTestMethods(TestMethodWorker.java:124)
	at org.testng.internal.TestMethodWorker.run(TestMethodWorker.java:108)
	at org.testng.TestRunner.privateRun(TestRunner.java:771)
	at org.testng.TestRunner.run(TestRunner.java:621)
	at org.testng.SuiteRunner.runTest(SuiteRunner.java:357)
	at org.testng.SuiteRunner.runSequentially(SuiteRunner.java:352)
	at org.testng.SuiteRunner.privateRun(SuiteRunner.java:310)
	at org.testng.SuiteRunner.run(SuiteRunner.java:259)
	at org.testng.SuiteRunnerWorker.runSuite(SuiteRunnerWorker.java:52)
	at org.testng.SuiteRunnerWorker.run(SuiteRunnerWorker.java:86)
	at org.testng.TestNG.runSuitesSequentially(TestNG.java:1176)
	at org.testng.TestNG.runSuitesLocally(TestNG.java:1101)
	at org.testng.TestNG.run(TestNG.java:1009)
	at org.testng.remote.RemoteTestNG.run(RemoteTestNG.java:111)
	at org.testng.remote.RemoteTestNG.initAndRun(RemoteTestNG.java:204)
	at org.testng.remote.RemoteTestNG.main(RemoteTestNG.java:175)
</pre></div></td>
<td>0</td>
<td>requirementGroup.DICOMSettings.HappyDayLocalSettings@2f2ffd81</td></tr>
</table><p>
<table width='100%' border='1' class='invocation-skipped'>
<tr><td colspan='4' align='center'><b>SKIPPED CONFIGURATIONS</b></td></tr>
<tr><td><b>Test method</b></td>
<td width="30%"><b>Exception</b></td>
<td width="10%"><b>Time (seconds)</b></td>
<td><b>Instance</b></td>
</tr>
<tr>
<td title='requirementGroup.DICOMSettings.HappyDayLocalSettings.setUp()'><b>setUp</b><br>Test class: requirementGroup.DICOMSettings.HappyDayLocalSettings</td>
<td></td>
<td>0</td>
<td>requirementGroup.DICOMSettings.HappyDayLocalSettings@2f2ffd81</td></tr>
<tr>
<td title='requirementGroup.ControlPanelServices.HappyDayWorkflowProxy.setUp()'><b>setUp</b><br>Test class: requirementGroup.ControlPanelServices.HappyDayWorkflowProxy</td>
<td></td>
<td>0</td>
<td>requirementGroup.ControlPanelServices.HappyDayWorkflowProxy@77ac385a</td></tr>
<tr>
<td title='requirementGroup.RISPatientSchedule.HappyDayPatientRegistration.setUp()'><b>setUp</b><br>Test class: requirementGroup.RISPatientSchedule.HappyDayPatientRegistration</td>
<td></td>
<td>0</td>
<td>requirementGroup.RISPatientSchedule.HappyDayPatientRegistration@78df42ce</td></tr>
<tr>
<td title='requirementGroup.DICOMSettings.HappyDayAddingDestination.setUp()'><b>setUp</b><br>Test class: requirementGroup.DICOMSettings.HappyDayAddingDestination</td>
<td></td>
<td>0</td>
<td>requirementGroup.DICOMSettings.HappyDayAddingDestination@99b2061</td></tr>
<tr>
<td title='requirementGroup.DICOMSettings.HappyDayAddingDestination.setUp()'><b>setUp</b><br>Test class: requirementGroup.DICOMSettings.HappyDayAddingDestination</td>
<td></td>
<td>0</td>
<td>requirementGroup.DICOMSettings.HappyDayAddingDestination@99b2061</td></tr>
<tr>
<td title='requirementGroup.DICOMSettings.HappyDayAddingDestination.setUp()'><b>setUp</b><br>Test class: requirementGroup.DICOMSettings.HappyDayAddingDestination</td>
<td></td>
<td>0</td>
<td>requirementGroup.DICOMSettings.HappyDayAddingDestination@99b2061</td></tr>
<tr>
<td title='requirementGroup.ControlPanelServices.HappyDayMedwebStatistics.setUp()'><b>setUp</b><br>Test class: requirementGroup.ControlPanelServices.HappyDayMedwebStatistics</td>
<td></td>
<td>0</td>
<td>requirementGroup.ControlPanelServices.HappyDayMedwebStatistics@15d023f2</td></tr>
<tr>
<td title='requirementGroup.Maintenance.HappyDayBackup.setUp()'><b>setUp</b><br>Test class: requirementGroup.Maintenance.HappyDayBackup</td>
<td></td>
<td>0</td>
<td>requirementGroup.Maintenance.HappyDayBackup@13e7f00e</td></tr>
<tr>
<td title='requirementGroup.Maintenance.HappyDayBackup.setUp()'><b>setUp</b><br>Test class: requirementGroup.Maintenance.HappyDayBackup</td>
<td></td>
<td>0</td>
<td>requirementGroup.Maintenance.HappyDayBackup@13e7f00e</td></tr>
<tr>
<td title='requirementGroup.ViewPatients.HappyDayImageManagementToolsQCSandbox.setUp()'><b>setUp</b><br>Test class: requirementGroup.ViewPatients.HappyDayImageManagementToolsQCSandbox</td>
<td></td>
<td>0</td>
<td>requirementGroup.ViewPatients.HappyDayImageManagementToolsQCSandbox@60413157</td></tr>
<tr>
<td title='requirementGroup.ViewPatients.HappyDayImageManagementToolsSendingMWWReports.setUp()'><b>setUp</b><br>Test class: requirementGroup.ViewPatients.HappyDayImageManagementToolsSendingMWWReports</td>
<td></td>
<td>0</td>
<td>requirementGroup.ViewPatients.HappyDayImageManagementToolsSendingMWWReports@580e781f</td></tr>
<tr>
<td title='requirementGroup.Maintenance.HappyDayRestore.setUp()'><b>setUp</b><br>Test class: requirementGroup.Maintenance.HappyDayRestore</td>
<td></td>
<td>0</td>
<td>requirementGroup.Maintenance.HappyDayRestore@1df06863</td></tr>
<tr>
<td title='requirementGroup.ViewPatients.HappyDayWebReportsCreateReportsInReportEditor.setUp()'><b>setUp</b><br>Test class: requirementGroup.ViewPatients.HappyDayWebReportsCreateReportsInReportEditor</td>
<td></td>
<td>0</td>
<td>requirementGroup.ViewPatients.HappyDayWebReportsCreateReportsInReportEditor@12554af0</td></tr>
<tr>
<td title='requirementGroup.ViewPatients.HappyDayWebReportsCreateReportsInReportEditor.setUp()'><b>setUp</b><br>Test class: requirementGroup.ViewPatients.HappyDayWebReportsCreateReportsInReportEditor</td>
<td></td>
<td>0</td>
<td>requirementGroup.ViewPatients.HappyDayWebReportsCreateReportsInReportEditor@12554af0</td></tr>
<tr>
<td title='requirementGroup.ViewPatients.HappyDayImageManagementToolsSendingPDFReports.setUp()'><b>setUp</b><br>Test class: requirementGroup.ViewPatients.HappyDayImageManagementToolsSendingPDFReports</td>
<td></td>
<td>0</td>
<td>requirementGroup.ViewPatients.HappyDayImageManagementToolsSendingPDFReports@1daadbf7</td></tr>
<tr>
<td title='requirementGroup.DICOMSettings.HappyDayAetitleRouting.setUp()'><b>setUp</b><br>Test class: requirementGroup.DICOMSettings.HappyDayAetitleRouting</td>
<td></td>
<td>0</td>
<td>requirementGroup.DICOMSettings.HappyDayAetitleRouting@3c4f4458</td></tr>
<tr>
<td title='requirementGroup.DICOMSettings.HappyDayAetitleRouting.setUp()'><b>setUp</b><br>Test class: requirementGroup.DICOMSettings.HappyDayAetitleRouting</td>
<td></td>
<td>0</td>
<td>requirementGroup.DICOMSettings.HappyDayAetitleRouting@3c4f4458</td></tr>
<tr>
<td title='requirementGroup.DICOMSettings.HappyDayAetitleRouting.setUp()'><b>setUp</b><br>Test class: requirementGroup.DICOMSettings.HappyDayAetitleRouting</td>
<td></td>
<td>0</td>
<td>requirementGroup.DICOMSettings.HappyDayAetitleRouting@3c4f4458</td></tr>
<tr>
<td title='requirementGroup.DICOMSettings.HappyDayAetitleRouting.setUp()'><b>setUp</b><br>Test class: requirementGroup.DICOMSettings.HappyDayAetitleRouting</td>
<td></td>
<td>0</td>
<td>requirementGroup.DICOMSettings.HappyDayAetitleRouting@3c4f4458</td></tr>
<tr>
<td title='requirementGroup.DICOMSettings.HappyDayLocalSettings.tearDown()'><b>tearDown</b><br>Test class: requirementGroup.DICOMSettings.HappyDayLocalSettings</td>
<td></td>
<td>0</td>
<td>requirementGroup.DICOMSettings.HappyDayLocalSettings@2f2ffd81</td></tr>
<tr>
<td title='requirementGroup.ControlPanelServices.HappyDayWorkflowProxy.tearDown()'><b>tearDown</b><br>Test class: requirementGroup.ControlPanelServices.HappyDayWorkflowProxy</td>
<td></td>
<td>0</td>
<td>requirementGroup.ControlPanelServices.HappyDayWorkflowProxy@77ac385a</td></tr>
<tr>
<td title='requirementGroup.RISPatientSchedule.HappyDayPatientRegistration.tearDown()'><b>tearDown</b><br>Test class: requirementGroup.RISPatientSchedule.HappyDayPatientRegistration</td>
<td></td>
<td>0</td>
<td>requirementGroup.RISPatientSchedule.HappyDayPatientRegistration@78df42ce</td></tr>
<tr>
<td title='requirementGroup.DICOMSettings.HappyDayAddingDestination.tearDown()'><b>tearDown</b><br>Test class: requirementGroup.DICOMSettings.HappyDayAddingDestination</td>
<td></td>
<td>0</td>
<td>requirementGroup.DICOMSettings.HappyDayAddingDestination@99b2061</td></tr>
<tr>
<td title='requirementGroup.DICOMSettings.HappyDayAddingDestination.tearDown()'><b>tearDown</b><br>Test class: requirementGroup.DICOMSettings.HappyDayAddingDestination</td>
<td></td>
<td>0</td>
<td>requirementGroup.DICOMSettings.HappyDayAddingDestination@99b2061</td></tr>
<tr>
<td title='requirementGroup.DICOMSettings.HappyDayAddingDestination.tearDown()'><b>tearDown</b><br>Test class: requirementGroup.DICOMSettings.HappyDayAddingDestination</td>
<td></td>
<td>0</td>
<td>requirementGroup.DICOMSettings.HappyDayAddingDestination@99b2061</td></tr>
<tr>
<td title='requirementGroup.ControlPanelServices.HappyDayMedwebStatistics.tearDown()'><b>tearDown</b><br>Test class: requirementGroup.ControlPanelServices.HappyDayMedwebStatistics</td>
<td></td>
<td>0</td>
<td>requirementGroup.ControlPanelServices.HappyDayMedwebStatistics@15d023f2</td></tr>
<tr>
<td title='requirementGroup.Maintenance.HappyDayBackup.tearDown()'><b>tearDown</b><br>Test class: requirementGroup.Maintenance.HappyDayBackup</td>
<td></td>
<td>0</td>
<td>requirementGroup.Maintenance.HappyDayBackup@13e7f00e</td></tr>
<tr>
<td title='requirementGroup.Maintenance.HappyDayBackup.tearDown()'><b>tearDown</b><br>Test class: requirementGroup.Maintenance.HappyDayBackup</td>
<td></td>
<td>0</td>
<td>requirementGroup.Maintenance.HappyDayBackup@13e7f00e</td></tr>
<tr>
<td title='requirementGroup.ViewPatients.HappyDayImageManagementToolsQCSandbox.tearDown()'><b>tearDown</b><br>Test class: requirementGroup.ViewPatients.HappyDayImageManagementToolsQCSandbox</td>
<td></td>
<td>0</td>
<td>requirementGroup.ViewPatients.HappyDayImageManagementToolsQCSandbox@60413157</td></tr>
<tr>
<td title='requirementGroup.ViewPatients.HappyDayImageManagementToolsSendingMWWReports.tearDown()'><b>tearDown</b><br>Test class: requirementGroup.ViewPatients.HappyDayImageManagementToolsSendingMWWReports</td>
<td></td>
<td>0</td>
<td>requirementGroup.ViewPatients.HappyDayImageManagementToolsSendingMWWReports@580e781f</td></tr>
<tr>
<td title='requirementGroup.Maintenance.HappyDayRestore.tearDown()'><b>tearDown</b><br>Test class: requirementGroup.Maintenance.HappyDayRestore</td>
<td></td>
<td>0</td>
<td>requirementGroup.Maintenance.HappyDayRestore@1df06863</td></tr>
<tr>
<td title='requirementGroup.ViewPatients.HappyDayWebReportsCreateReportsInReportEditor.tearDown()'><b>tearDown</b><br>Test class: requirementGroup.ViewPatients.HappyDayWebReportsCreateReportsInReportEditor</td>
<td></td>
<td>0</td>
<td>requirementGroup.ViewPatients.HappyDayWebReportsCreateReportsInReportEditor@12554af0</td></tr>
<tr>
<td title='requirementGroup.ViewPatients.HappyDayWebReportsCreateReportsInReportEditor.tearDown()'><b>tearDown</b><br>Test class: requirementGroup.ViewPatients.HappyDayWebReportsCreateReportsInReportEditor</td>
<td></td>
<td>0</td>
<td>requirementGroup.ViewPatients.HappyDayWebReportsCreateReportsInReportEditor@12554af0</td></tr>
<tr>
<td title='requirementGroup.ViewPatients.HappyDayImageManagementToolsSendingPDFReports.tearDown()'><b>tearDown</b><br>Test class: requirementGroup.ViewPatients.HappyDayImageManagementToolsSendingPDFReports</td>
<td></td>
<td>0</td>
<td>requirementGroup.ViewPatients.HappyDayImageManagementToolsSendingPDFReports@1daadbf7</td></tr>
<tr>
<td title='requirementGroup.DICOMSettings.HappyDayAetitleRouting.tearDown()'><b>tearDown</b><br>Test class: requirementGroup.DICOMSettings.HappyDayAetitleRouting</td>
<td></td>
<td>0</td>
<td>requirementGroup.DICOMSettings.HappyDayAetitleRouting@3c4f4458</td></tr>
<tr>
<td title='requirementGroup.DICOMSettings.HappyDayAetitleRouting.tearDown()'><b>tearDown</b><br>Test class: requirementGroup.DICOMSettings.HappyDayAetitleRouting</td>
<td></td>
<td>0</td>
<td>requirementGroup.DICOMSettings.HappyDayAetitleRouting@3c4f4458</td></tr>
<tr>
<td title='requirementGroup.DICOMSettings.HappyDayAetitleRouting.tearDown()'><b>tearDown</b><br>Test class: requirementGroup.DICOMSettings.HappyDayAetitleRouting</td>
<td></td>
<td>0</td>
<td>requirementGroup.DICOMSettings.HappyDayAetitleRouting@3c4f4458</td></tr>
<tr>
<td title='requirementGroup.DICOMSettings.HappyDayAetitleRouting.tearDown()'><b>tearDown</b><br>Test class: requirementGroup.DICOMSettings.HappyDayAetitleRouting</td>
<td></td>
<td>0</td>
<td>requirementGroup.DICOMSettings.HappyDayAetitleRouting@3c4f4458</td></tr>
</table><p>
<table width='100%' border='1' class='invocation-failed'>
<tr><td colspan='4' align='center'><b>FAILED TESTS</b></td></tr>
<tr><td><b>Test method</b></td>
<td width="30%"><b>Exception</b></td>
<td width="10%"><b>Time (seconds)</b></td>
<td><b>Instance</b></td>
</tr>
<tr>
<td title='requirementGroup.DICOMSettings.HappyDayLocalSettings.testHappyDay100685()'><b>testHappyDay100685</b><br>Test class: requirementGroup.DICOMSettings.HappyDayLocalSettings<br>Test method: Verify that incoming study is marked as STAT and the same study records are replaced by fake data when both 'Mark Study as STA' & 'Anonymize Study' options are enabled in 'Add new alias' page.</td>
<td><div><pre>org.openqa.selenium.NoSuchElementException: Unable to find element with xpath == //input[@type=&apos;text&apos;][@name=&apos;credential_0&apos;] (WARNING: The server did not provide any stacktrace information)
Command duration or timeout: 15.16 seconds
For documentation on this error, please visit: http://seleniumhq.org/exceptions/no_such_element.html
Build info: version: &apos;2.46.0&apos;, revision: &apos;61506a4624b13675f24581e453592342b7485d71&apos;, time: &apos;2015-06-04 10:22:50&apos;
System info: host: &apos;Medweb-QSG&apos;, ip: &apos;192.168.27.51&apos;, os.name: &apos;Windows 8&apos;, os.arch: &apos;amd64&apos;, os.version: &apos;6.2&apos;, java.version: &apos;1.7.0_51&apos;
*** Element info: {Using=xpath, value=//input[@type=&apos;text&apos;][@name=&apos;credential_0&apos;]}
Session ID: 8b4357d3-7daa-400f-975e-480c0492b59f
Driver info: org.openqa.selenium.ie.InternetExplorerDriver
Capabilities [{platform=WINDOWS, javascriptEnabled=true, elementScrollBehavior=0, ignoreZoomSetting=false, enablePersistentHover=true, ie.ensureCleanSession=false, browserName=internet explorer, enableElementCacheCleanup=true, unexpectedAlertBehaviour=dismiss, version=11, pageLoadStrategy=normal, ie.usePerProcessProxy=false, cssSelectorsEnabled=true, ignoreProtectedModeSettings=false, requireWindowFocus=false, initialBrowserUrl=http://localhost:38576/, handlesAlerts=true, ie.forceCreateProcessApi=false, nativeEvents=true, browserAttachTimeout=0, ie.browserCommandLineSwitches=, takesScreenshot=true}]
	at org.openqa.selenium.remote.ErrorHandler.createThrowable(ErrorHandler.java:204)
	at org.openqa.selenium.remote.ErrorHandler.throwIfResponseFailed(ErrorHandler.java:156)
	at org.openqa.selenium.remote.RemoteWebDriver.execute(RemoteWebDriver.java:605)
	at org.openqa.selenium.remote.RemoteWebDriver.findElement(RemoteWebDriver.java:358)
	at org.openqa.selenium.remote.RemoteWebDriver.findElementByXPath(RemoteWebDriver.java:455)
	at org.openqa.selenium.By$ByXPath.findElement(By.java:358)
	at org.openqa.selenium.remote.RemoteWebDriver.findElement(RemoteWebDriver.java:350)
	at qaframework.lib.webElements.WebElements.getOne(WebElements.java:34)
	at qaframework.lib.webElements.WebElements.clearInputValue(WebElements.java:72)
	at lib.page.Login.enterUserName(Login.java:83)
	at lib.page.Login.login(Login.java:45)
	at requirementGroup.DICOMSettings.HappyDayLocalSettings.testHappyDay100685(HappyDayLocalSettings.java:118)
... Removed 27 stack frames</pre></div><a href='#' onClick='toggleBox("stack-trace161163805", this, "Click to show all stack frames", "Click to hide stack frames")'>Click to show all stack frames</a>
<div class='stack-trace' id='stack-trace161163805'><pre>org.openqa.selenium.NoSuchElementException: Unable to find element with xpath == //input[@type=&apos;text&apos;][@name=&apos;credential_0&apos;] (WARNING: The server did not provide any stacktrace information)
Command duration or timeout: 15.16 seconds
For documentation on this error, please visit: http://seleniumhq.org/exceptions/no_such_element.html
Build info: version: &apos;2.46.0&apos;, revision: &apos;61506a4624b13675f24581e453592342b7485d71&apos;, time: &apos;2015-06-04 10:22:50&apos;
System info: host: &apos;Medweb-QSG&apos;, ip: &apos;192.168.27.51&apos;, os.name: &apos;Windows 8&apos;, os.arch: &apos;amd64&apos;, os.version: &apos;6.2&apos;, java.version: &apos;1.7.0_51&apos;
*** Element info: {Using=xpath, value=//input[@type=&apos;text&apos;][@name=&apos;credential_0&apos;]}
Session ID: 8b4357d3-7daa-400f-975e-480c0492b59f
Driver info: org.openqa.selenium.ie.InternetExplorerDriver
Capabilities [{platform=WINDOWS, javascriptEnabled=true, elementScrollBehavior=0, ignoreZoomSetting=false, enablePersistentHover=true, ie.ensureCleanSession=false, browserName=internet explorer, enableElementCacheCleanup=true, unexpectedAlertBehaviour=dismiss, version=11, pageLoadStrategy=normal, ie.usePerProcessProxy=false, cssSelectorsEnabled=true, ignoreProtectedModeSettings=false, requireWindowFocus=false, initialBrowserUrl=http://localhost:38576/, handlesAlerts=true, ie.forceCreateProcessApi=false, nativeEvents=true, browserAttachTimeout=0, ie.browserCommandLineSwitches=, takesScreenshot=true}]
	at sun.reflect.GeneratedConstructorAccessor12.newInstance(Unknown Source)
	at sun.reflect.DelegatingConstructorAccessorImpl.newInstance(DelegatingConstructorAccessorImpl.java:45)
	at java.lang.reflect.Constructor.newInstance(Constructor.java:526)
	at org.openqa.selenium.remote.ErrorHandler.createThrowable(ErrorHandler.java:204)
	at org.openqa.selenium.remote.ErrorHandler.throwIfResponseFailed(ErrorHandler.java:156)
	at org.openqa.selenium.remote.RemoteWebDriver.execute(RemoteWebDriver.java:605)
	at org.openqa.selenium.remote.RemoteWebDriver.findElement(RemoteWebDriver.java:358)
	at org.openqa.selenium.remote.RemoteWebDriver.findElementByXPath(RemoteWebDriver.java:455)
	at org.openqa.selenium.By$ByXPath.findElement(By.java:358)
	at org.openqa.selenium.remote.RemoteWebDriver.findElement(RemoteWebDriver.java:350)
	at qaframework.lib.webElements.WebElements.getOne(WebElements.java:34)
	at qaframework.lib.webElements.WebElements.clearInputValue(WebElements.java:72)
	at lib.page.Login.enterUserName(Login.java:83)
	at lib.page.Login.login(Login.java:45)
	at requirementGroup.DICOMSettings.HappyDayLocalSettings.testHappyDay100685(HappyDayLocalSettings.java:118)
	at sun.reflect.NativeMethodAccessorImpl.invoke0(Native Method)
	at sun.reflect.NativeMethodAccessorImpl.invoke(NativeMethodAccessorImpl.java:57)
	at sun.reflect.DelegatingMethodAccessorImpl.invoke(DelegatingMethodAccessorImpl.java:43)
	at java.lang.reflect.Method.invoke(Method.java:606)
	at org.testng.internal.MethodInvocationHelper.invokeMethod(MethodInvocationHelper.java:85)
	at org.testng.internal.Invoker.invokeMethod(Invoker.java:648)
	at org.testng.internal.Invoker.invokeTestMethod(Invoker.java:834)
	at org.testng.internal.Invoker.invokeTestMethods(Invoker.java:1142)
	at org.testng.internal.TestMethodWorker.invokeTestMethods(TestMethodWorker.java:124)
	at org.testng.internal.TestMethodWorker.run(TestMethodWorker.java:108)
	at org.testng.TestRunner.privateRun(TestRunner.java:771)
	at org.testng.TestRunner.run(TestRunner.java:621)
	at org.testng.SuiteRunner.runTest(SuiteRunner.java:357)
	at org.testng.SuiteRunner.runSequentially(SuiteRunner.java:352)
	at org.testng.SuiteRunner.privateRun(SuiteRunner.java:310)
	at org.testng.SuiteRunner.run(SuiteRunner.java:259)
	at org.testng.SuiteRunnerWorker.runSuite(SuiteRunnerWorker.java:52)
	at org.testng.SuiteRunnerWorker.run(SuiteRunnerWorker.java:86)
	at org.testng.TestNG.runSuitesSequentially(TestNG.java:1176)
	at org.testng.TestNG.runSuitesLocally(TestNG.java:1101)
	at org.testng.TestNG.run(TestNG.java:1009)
	at org.testng.remote.RemoteTestNG.run(RemoteTestNG.java:111)
	at org.testng.remote.RemoteTestNG.initAndRun(RemoteTestNG.java:204)
	at org.testng.remote.RemoteTestNG.main(RemoteTestNG.java:175)
</pre></div></td>
<td>75</td>
<td>requirementGroup.DICOMSettings.HappyDayLocalSettings@2f2ffd81</td></tr>
<tr>
<td title='requirementGroup.DICOMSettings.HappyDayLocalSettings.testHappyDay167035()'><b>testHappyDay167035</b><br>Test class: requirementGroup.DICOMSettings.HappyDayLocalSettings<br>Test method: Verify that MTF code of the receiving server is added to the 'Accession Number' & 'DICOM Fields' when study received does not have MTF and 'Add MTF to Accession number and Medweb DICOM field' option is enabled in the receiving server </td>
<td><div><pre>org.openqa.selenium.NoSuchElementException: Cannot locate element with text: RH4 (192.168.27.93:104)
For documentation on this error, please visit: http://seleniumhq.org/exceptions/no_such_element.html
Build info: version: &apos;2.46.0&apos;, revision: &apos;61506a4624b13675f24581e453592342b7485d71&apos;, time: &apos;2015-06-04 10:22:50&apos;
System info: host: &apos;Medweb-QSG&apos;, ip: &apos;192.168.27.51&apos;, os.name: &apos;Windows 8&apos;, os.arch: &apos;amd64&apos;, os.version: &apos;6.2&apos;, java.version: &apos;1.7.0_51&apos;
Driver info: driver.version: unknown
	at org.openqa.selenium.support.ui.Select.selectByVisibleText(Select.java:150)
	at lib.page.ViewPatients.selStorageDevice(ViewPatients.java:682)
	at requirementGroup.DICOMSettings.HappyDayLocalSettings.testHappyDay167035(HappyDayLocalSettings.java:990)
... Removed 24 stack frames</pre></div><a href='#' onClick='toggleBox("stack-trace244334120", this, "Click to show all stack frames", "Click to hide stack frames")'>Click to show all stack frames</a>
<div class='stack-trace' id='stack-trace244334120'><pre>org.openqa.selenium.NoSuchElementException: Cannot locate element with text: RH4 (192.168.27.93:104)
For documentation on this error, please visit: http://seleniumhq.org/exceptions/no_such_element.html
Build info: version: &apos;2.46.0&apos;, revision: &apos;61506a4624b13675f24581e453592342b7485d71&apos;, time: &apos;2015-06-04 10:22:50&apos;
System info: host: &apos;Medweb-QSG&apos;, ip: &apos;192.168.27.51&apos;, os.name: &apos;Windows 8&apos;, os.arch: &apos;amd64&apos;, os.version: &apos;6.2&apos;, java.version: &apos;1.7.0_51&apos;
Driver info: driver.version: unknown
	at org.openqa.selenium.support.ui.Select.selectByVisibleText(Select.java:150)
	at lib.page.ViewPatients.selStorageDevice(ViewPatients.java:682)
	at requirementGroup.DICOMSettings.HappyDayLocalSettings.testHappyDay167035(HappyDayLocalSettings.java:990)
	at sun.reflect.NativeMethodAccessorImpl.invoke0(Native Method)
	at sun.reflect.NativeMethodAccessorImpl.invoke(NativeMethodAccessorImpl.java:57)
	at sun.reflect.DelegatingMethodAccessorImpl.invoke(DelegatingMethodAccessorImpl.java:43)
	at java.lang.reflect.Method.invoke(Method.java:606)
	at org.testng.internal.MethodInvocationHelper.invokeMethod(MethodInvocationHelper.java:85)
	at org.testng.internal.Invoker.invokeMethod(Invoker.java:648)
	at org.testng.internal.Invoker.invokeTestMethod(Invoker.java:834)
	at org.testng.internal.Invoker.invokeTestMethods(Invoker.java:1142)
	at org.testng.internal.TestMethodWorker.invokeTestMethods(TestMethodWorker.java:124)
	at org.testng.internal.TestMethodWorker.run(TestMethodWorker.java:108)
	at org.testng.TestRunner.privateRun(TestRunner.java:771)
	at org.testng.TestRunner.run(TestRunner.java:621)
	at org.testng.SuiteRunner.runTest(SuiteRunner.java:357)
	at org.testng.SuiteRunner.runSequentially(SuiteRunner.java:352)
	at org.testng.SuiteRunner.privateRun(SuiteRunner.java:310)
	at org.testng.SuiteRunner.run(SuiteRunner.java:259)
	at org.testng.SuiteRunnerWorker.runSuite(SuiteRunnerWorker.java:52)
	at org.testng.SuiteRunnerWorker.run(SuiteRunnerWorker.java:86)
	at org.testng.TestNG.runSuitesSequentially(TestNG.java:1176)
	at org.testng.TestNG.runSuitesLocally(TestNG.java:1101)
	at org.testng.TestNG.run(TestNG.java:1009)
	at org.testng.remote.RemoteTestNG.run(RemoteTestNG.java:111)
	at org.testng.remote.RemoteTestNG.initAndRun(RemoteTestNG.java:204)
	at org.testng.remote.RemoteTestNG.main(RemoteTestNG.java:175)
</pre></div></td>
<td>102</td>
<td>requirementGroup.DICOMSettings.HappyDayLocalSettings@2f2ffd81</td></tr>
<tr>
<td title='requirementGroup.DICOMSettings.HappyDayLocalSettings.testHappyDay167038()'><b>testHappyDay167038</b><br>Test class: requirementGroup.DICOMSettings.HappyDayLocalSettings<br>Test method: Verify that MTF code of the receiving server is added to the DICOM Fields only when study received does not have MTF and Add MTF to Medweb DICOM field only (7deb:0103) option is enabled in the receiving server.</td>
<td><div><pre>org.openqa.selenium.NoSuchElementException: Cannot locate element with text: RH4 (192.168.27.93:104)
For documentation on this error, please visit: http://seleniumhq.org/exceptions/no_such_element.html
Build info: version: &apos;2.46.0&apos;, revision: &apos;61506a4624b13675f24581e453592342b7485d71&apos;, time: &apos;2015-06-04 10:22:50&apos;
System info: host: &apos;Medweb-QSG&apos;, ip: &apos;192.168.27.51&apos;, os.name: &apos;Windows 8&apos;, os.arch: &apos;amd64&apos;, os.version: &apos;6.2&apos;, java.version: &apos;1.7.0_51&apos;
Driver info: driver.version: unknown
	at org.openqa.selenium.support.ui.Select.selectByVisibleText(Select.java:150)
	at lib.page.ViewPatients.selStorageDevice(ViewPatients.java:682)
	at requirementGroup.DICOMSettings.HappyDayLocalSettings.testHappyDay167038(HappyDayLocalSettings.java:1128)
... Removed 24 stack frames</pre></div><a href='#' onClick='toggleBox("stack-trace654070274", this, "Click to show all stack frames", "Click to hide stack frames")'>Click to show all stack frames</a>
<div class='stack-trace' id='stack-trace654070274'><pre>org.openqa.selenium.NoSuchElementException: Cannot locate element with text: RH4 (192.168.27.93:104)
For documentation on this error, please visit: http://seleniumhq.org/exceptions/no_such_element.html
Build info: version: &apos;2.46.0&apos;, revision: &apos;61506a4624b13675f24581e453592342b7485d71&apos;, time: &apos;2015-06-04 10:22:50&apos;
System info: host: &apos;Medweb-QSG&apos;, ip: &apos;192.168.27.51&apos;, os.name: &apos;Windows 8&apos;, os.arch: &apos;amd64&apos;, os.version: &apos;6.2&apos;, java.version: &apos;1.7.0_51&apos;
Driver info: driver.version: unknown
	at org.openqa.selenium.support.ui.Select.selectByVisibleText(Select.java:150)
	at lib.page.ViewPatients.selStorageDevice(ViewPatients.java:682)
	at requirementGroup.DICOMSettings.HappyDayLocalSettings.testHappyDay167038(HappyDayLocalSettings.java:1128)
	at sun.reflect.NativeMethodAccessorImpl.invoke0(Native Method)
	at sun.reflect.NativeMethodAccessorImpl.invoke(NativeMethodAccessorImpl.java:57)
	at sun.reflect.DelegatingMethodAccessorImpl.invoke(DelegatingMethodAccessorImpl.java:43)
	at java.lang.reflect.Method.invoke(Method.java:606)
	at org.testng.internal.MethodInvocationHelper.invokeMethod(MethodInvocationHelper.java:85)
	at org.testng.internal.Invoker.invokeMethod(Invoker.java:648)
	at org.testng.internal.Invoker.invokeTestMethod(Invoker.java:834)
	at org.testng.internal.Invoker.invokeTestMethods(Invoker.java:1142)
	at org.testng.internal.TestMethodWorker.invokeTestMethods(TestMethodWorker.java:124)
	at org.testng.internal.TestMethodWorker.run(TestMethodWorker.java:108)
	at org.testng.TestRunner.privateRun(TestRunner.java:771)
	at org.testng.TestRunner.run(TestRunner.java:621)
	at org.testng.SuiteRunner.runTest(SuiteRunner.java:357)
	at org.testng.SuiteRunner.runSequentially(SuiteRunner.java:352)
	at org.testng.SuiteRunner.privateRun(SuiteRunner.java:310)
	at org.testng.SuiteRunner.run(SuiteRunner.java:259)
	at org.testng.SuiteRunnerWorker.runSuite(SuiteRunnerWorker.java:52)
	at org.testng.SuiteRunnerWorker.run(SuiteRunnerWorker.java:86)
	at org.testng.TestNG.runSuitesSequentially(TestNG.java:1176)
	at org.testng.TestNG.runSuitesLocally(TestNG.java:1101)
	at org.testng.TestNG.run(TestNG.java:1009)
	at org.testng.remote.RemoteTestNG.run(RemoteTestNG.java:111)
	at org.testng.remote.RemoteTestNG.initAndRun(RemoteTestNG.java:204)
	at org.testng.remote.RemoteTestNG.main(RemoteTestNG.java:175)
</pre></div></td>
<td>108</td>
<td>requirementGroup.DICOMSettings.HappyDayLocalSettings@2f2ffd81</td></tr>
<tr>
<td title='requirementGroup.DICOMSettings.HappyDayLocalSettings.testHappyDay167039()'><b>testHappyDay167039</b><br>Test class: requirementGroup.DICOMSettings.HappyDayLocalSettings<br>Test method: Verify that MTF code of the receiving server is not added to the Accession Number nor to the DICOM Fields when receiving study does not have MTF and Disable MTF option is enabled in the receiving server.</td>
<td><div><pre>org.openqa.selenium.NoSuchWindowException: Unable to find element on closed window (WARNING: The server did not provide any stacktrace information)
Command duration or timeout: 15 milliseconds
Build info: version: &apos;2.46.0&apos;, revision: &apos;61506a4624b13675f24581e453592342b7485d71&apos;, time: &apos;2015-06-04 10:22:50&apos;
System info: host: &apos;Medweb-QSG&apos;, ip: &apos;192.168.27.51&apos;, os.name: &apos;Windows 8&apos;, os.arch: &apos;amd64&apos;, os.version: &apos;6.2&apos;, java.version: &apos;1.7.0_51&apos;
*** Element info: {Using=xpath, value=//a[contains(text(),&apos;Continue to this website (not recommended).&apos;)]}
Session ID: d7106ceb-80e1-4045-b4c3-fc79cf27f9ef
Driver info: org.openqa.selenium.ie.InternetExplorerDriver
Capabilities [{platform=WINDOWS, javascriptEnabled=true, elementScrollBehavior=0, ignoreZoomSetting=false, enablePersistentHover=true, ie.ensureCleanSession=false, browserName=internet explorer, enableElementCacheCleanup=true, unexpectedAlertBehaviour=dismiss, version=11, pageLoadStrategy=normal, ie.usePerProcessProxy=false, cssSelectorsEnabled=true, ignoreProtectedModeSettings=false, requireWindowFocus=false, initialBrowserUrl=http://localhost:36962/, handlesAlerts=true, ie.forceCreateProcessApi=false, nativeEvents=true, browserAttachTimeout=0, ie.browserCommandLineSwitches=, takesScreenshot=true}]
	at org.openqa.selenium.remote.ErrorHandler.createThrowable(ErrorHandler.java:204)
	at org.openqa.selenium.remote.ErrorHandler.throwIfResponseFailed(ErrorHandler.java:156)
	at org.openqa.selenium.remote.RemoteWebDriver.execute(RemoteWebDriver.java:605)
	at org.openqa.selenium.remote.RemoteWebDriver.findElement(RemoteWebDriver.java:358)
	at org.openqa.selenium.remote.RemoteWebDriver.findElementByXPath(RemoteWebDriver.java:455)
	at org.openqa.selenium.By$ByXPath.findElement(By.java:358)
	at org.openqa.selenium.remote.RemoteWebDriver.findElement(RemoteWebDriver.java:350)
	at qaframework.lib.webElements.WebElements.getOne(WebElements.java:34)
	at lib.module.CommonFunctions.clickOnContinueToThisWebsiteLink(CommonFunctions.java:33)
	at requirementGroup.DICOMSettings.HappyDayLocalSettings.testHappyDay167039(HappyDayLocalSettings.java:1243)
... Removed 28 stack frames</pre></div><a href='#' onClick='toggleBox("stack-trace526828762", this, "Click to show all stack frames", "Click to hide stack frames")'>Click to show all stack frames</a>
<div class='stack-trace' id='stack-trace526828762'><pre>org.openqa.selenium.NoSuchWindowException: Unable to find element on closed window (WARNING: The server did not provide any stacktrace information)
Command duration or timeout: 15 milliseconds
Build info: version: &apos;2.46.0&apos;, revision: &apos;61506a4624b13675f24581e453592342b7485d71&apos;, time: &apos;2015-06-04 10:22:50&apos;
System info: host: &apos;Medweb-QSG&apos;, ip: &apos;192.168.27.51&apos;, os.name: &apos;Windows 8&apos;, os.arch: &apos;amd64&apos;, os.version: &apos;6.2&apos;, java.version: &apos;1.7.0_51&apos;
*** Element info: {Using=xpath, value=//a[contains(text(),&apos;Continue to this website (not recommended).&apos;)]}
Session ID: d7106ceb-80e1-4045-b4c3-fc79cf27f9ef
Driver info: org.openqa.selenium.ie.InternetExplorerDriver
Capabilities [{platform=WINDOWS, javascriptEnabled=true, elementScrollBehavior=0, ignoreZoomSetting=false, enablePersistentHover=true, ie.ensureCleanSession=false, browserName=internet explorer, enableElementCacheCleanup=true, unexpectedAlertBehaviour=dismiss, version=11, pageLoadStrategy=normal, ie.usePerProcessProxy=false, cssSelectorsEnabled=true, ignoreProtectedModeSettings=false, requireWindowFocus=false, initialBrowserUrl=http://localhost:36962/, handlesAlerts=true, ie.forceCreateProcessApi=false, nativeEvents=true, browserAttachTimeout=0, ie.browserCommandLineSwitches=, takesScreenshot=true}]
	at sun.reflect.NativeConstructorAccessorImpl.newInstance0(Native Method)
	at sun.reflect.NativeConstructorAccessorImpl.newInstance(NativeConstructorAccessorImpl.java:57)
	at sun.reflect.DelegatingConstructorAccessorImpl.newInstance(DelegatingConstructorAccessorImpl.java:45)
	at java.lang.reflect.Constructor.newInstance(Constructor.java:526)
	at org.openqa.selenium.remote.ErrorHandler.createThrowable(ErrorHandler.java:204)
	at org.openqa.selenium.remote.ErrorHandler.throwIfResponseFailed(ErrorHandler.java:156)
	at org.openqa.selenium.remote.RemoteWebDriver.execute(RemoteWebDriver.java:605)
	at org.openqa.selenium.remote.RemoteWebDriver.findElement(RemoteWebDriver.java:358)
	at org.openqa.selenium.remote.RemoteWebDriver.findElementByXPath(RemoteWebDriver.java:455)
	at org.openqa.selenium.By$ByXPath.findElement(By.java:358)
	at org.openqa.selenium.remote.RemoteWebDriver.findElement(RemoteWebDriver.java:350)
	at qaframework.lib.webElements.WebElements.getOne(WebElements.java:34)
	at lib.module.CommonFunctions.clickOnContinueToThisWebsiteLink(CommonFunctions.java:33)
	at requirementGroup.DICOMSettings.HappyDayLocalSettings.testHappyDay167039(HappyDayLocalSettings.java:1243)
	at sun.reflect.NativeMethodAccessorImpl.invoke0(Native Method)
	at sun.reflect.NativeMethodAccessorImpl.invoke(NativeMethodAccessorImpl.java:57)
	at sun.reflect.DelegatingMethodAccessorImpl.invoke(DelegatingMethodAccessorImpl.java:43)
	at java.lang.reflect.Method.invoke(Method.java:606)
	at org.testng.internal.MethodInvocationHelper.invokeMethod(MethodInvocationHelper.java:85)
	at org.testng.internal.Invoker.invokeMethod(Invoker.java:648)
	at org.testng.internal.Invoker.invokeTestMethod(Invoker.java:834)
	at org.testng.internal.Invoker.invokeTestMethods(Invoker.java:1142)
	at org.testng.internal.TestMethodWorker.invokeTestMethods(TestMethodWorker.java:124)
	at org.testng.internal.TestMethodWorker.run(TestMethodWorker.java:108)
	at org.testng.TestRunner.privateRun(TestRunner.java:771)
	at org.testng.TestRunner.run(TestRunner.java:621)
	at org.testng.SuiteRunner.runTest(SuiteRunner.java:357)
	at org.testng.SuiteRunner.runSequentially(SuiteRunner.java:352)
	at org.testng.SuiteRunner.privateRun(SuiteRunner.java:310)
	at org.testng.SuiteRunner.run(SuiteRunner.java:259)
	at org.testng.SuiteRunnerWorker.runSuite(SuiteRunnerWorker.java:52)
	at org.testng.SuiteRunnerWorker.run(SuiteRunnerWorker.java:86)
	at org.testng.TestNG.runSuitesSequentially(TestNG.java:1176)
	at org.testng.TestNG.runSuitesLocally(TestNG.java:1101)
	at org.testng.TestNG.run(TestNG.java:1009)
	at org.testng.remote.RemoteTestNG.run(RemoteTestNG.java:111)
	at org.testng.remote.RemoteTestNG.initAndRun(RemoteTestNG.java:204)
	at org.testng.remote.RemoteTestNG.main(RemoteTestNG.java:175)
</pre></div></td>
<td>46</td>
<td>requirementGroup.DICOMSettings.HappyDayLocalSettings@2f2ffd81</td></tr>
<tr>
<td title='requirementGroup.DICOMSettings.HappyDayLocalSettings.testHappyDay68316()'><b>testHappyDay68316</b><br>Test class: requirementGroup.DICOMSettings.HappyDayLocalSettings<br>Test method: Verify that the DICOM fields specified in Remapping table is replaced with the value in Regexp field for arriving studies from the specified AE.</td>
<td><div><pre>org.openqa.selenium.NoSuchElementException: Unable to find element with xpath == //input[@type=&apos;text&apos;][@name=&apos;credential_0&apos;] (WARNING: The server did not provide any stacktrace information)
Command duration or timeout: 15.27 seconds
For documentation on this error, please visit: http://seleniumhq.org/exceptions/no_such_element.html
Build info: version: &apos;2.46.0&apos;, revision: &apos;61506a4624b13675f24581e453592342b7485d71&apos;, time: &apos;2015-06-04 10:22:50&apos;
System info: host: &apos;Medweb-QSG&apos;, ip: &apos;192.168.27.51&apos;, os.name: &apos;Windows 8&apos;, os.arch: &apos;amd64&apos;, os.version: &apos;6.2&apos;, java.version: &apos;1.7.0_51&apos;
*** Element info: {Using=xpath, value=//input[@type=&apos;text&apos;][@name=&apos;credential_0&apos;]}
Session ID: 297d3724-1e36-4bc1-b337-89d84f42512a
Driver info: org.openqa.selenium.ie.InternetExplorerDriver
Capabilities [{platform=WINDOWS, javascriptEnabled=true, elementScrollBehavior=0, ignoreZoomSetting=false, enablePersistentHover=true, ie.ensureCleanSession=false, browserName=internet explorer, enableElementCacheCleanup=true, unexpectedAlertBehaviour=dismiss, version=11, pageLoadStrategy=normal, ie.usePerProcessProxy=false, cssSelectorsEnabled=true, ignoreProtectedModeSettings=false, requireWindowFocus=false, initialBrowserUrl=http://localhost:30119/, handlesAlerts=true, ie.forceCreateProcessApi=false, nativeEvents=true, browserAttachTimeout=0, ie.browserCommandLineSwitches=, takesScreenshot=true}]
	at org.openqa.selenium.remote.ErrorHandler.createThrowable(ErrorHandler.java:204)
	at org.openqa.selenium.remote.ErrorHandler.throwIfResponseFailed(ErrorHandler.java:156)
	at org.openqa.selenium.remote.RemoteWebDriver.execute(RemoteWebDriver.java:605)
	at org.openqa.selenium.remote.RemoteWebDriver.findElement(RemoteWebDriver.java:358)
	at org.openqa.selenium.remote.RemoteWebDriver.findElementByXPath(RemoteWebDriver.java:455)
	at org.openqa.selenium.By$ByXPath.findElement(By.java:358)
	at org.openqa.selenium.remote.RemoteWebDriver.findElement(RemoteWebDriver.java:350)
	at qaframework.lib.webElements.WebElements.getOne(WebElements.java:34)
	at qaframework.lib.webElements.WebElements.clearInputValue(WebElements.java:72)
	at lib.page.Login.enterUserName(Login.java:83)
	at lib.page.Login.login(Login.java:45)
	at requirementGroup.DICOMSettings.HappyDayLocalSettings.testHappyDay68316(HappyDayLocalSettings.java:282)
... Removed 27 stack frames</pre></div><a href='#' onClick='toggleBox("stack-trace222033400", this, "Click to show all stack frames", "Click to hide stack frames")'>Click to show all stack frames</a>
<div class='stack-trace' id='stack-trace222033400'><pre>org.openqa.selenium.NoSuchElementException: Unable to find element with xpath == //input[@type=&apos;text&apos;][@name=&apos;credential_0&apos;] (WARNING: The server did not provide any stacktrace information)
Command duration or timeout: 15.27 seconds
For documentation on this error, please visit: http://seleniumhq.org/exceptions/no_such_element.html
Build info: version: &apos;2.46.0&apos;, revision: &apos;61506a4624b13675f24581e453592342b7485d71&apos;, time: &apos;2015-06-04 10:22:50&apos;
System info: host: &apos;Medweb-QSG&apos;, ip: &apos;192.168.27.51&apos;, os.name: &apos;Windows 8&apos;, os.arch: &apos;amd64&apos;, os.version: &apos;6.2&apos;, java.version: &apos;1.7.0_51&apos;
*** Element info: {Using=xpath, value=//input[@type=&apos;text&apos;][@name=&apos;credential_0&apos;]}
Session ID: 297d3724-1e36-4bc1-b337-89d84f42512a
Driver info: org.openqa.selenium.ie.InternetExplorerDriver
Capabilities [{platform=WINDOWS, javascriptEnabled=true, elementScrollBehavior=0, ignoreZoomSetting=false, enablePersistentHover=true, ie.ensureCleanSession=false, browserName=internet explorer, enableElementCacheCleanup=true, unexpectedAlertBehaviour=dismiss, version=11, pageLoadStrategy=normal, ie.usePerProcessProxy=false, cssSelectorsEnabled=true, ignoreProtectedModeSettings=false, requireWindowFocus=false, initialBrowserUrl=http://localhost:30119/, handlesAlerts=true, ie.forceCreateProcessApi=false, nativeEvents=true, browserAttachTimeout=0, ie.browserCommandLineSwitches=, takesScreenshot=true}]
	at sun.reflect.GeneratedConstructorAccessor12.newInstance(Unknown Source)
	at sun.reflect.DelegatingConstructorAccessorImpl.newInstance(DelegatingConstructorAccessorImpl.java:45)
	at java.lang.reflect.Constructor.newInstance(Constructor.java:526)
	at org.openqa.selenium.remote.ErrorHandler.createThrowable(ErrorHandler.java:204)
	at org.openqa.selenium.remote.ErrorHandler.throwIfResponseFailed(ErrorHandler.java:156)
	at org.openqa.selenium.remote.RemoteWebDriver.execute(RemoteWebDriver.java:605)
	at org.openqa.selenium.remote.RemoteWebDriver.findElement(RemoteWebDriver.java:358)
	at org.openqa.selenium.remote.RemoteWebDriver.findElementByXPath(RemoteWebDriver.java:455)
	at org.openqa.selenium.By$ByXPath.findElement(By.java:358)
	at org.openqa.selenium.remote.RemoteWebDriver.findElement(RemoteWebDriver.java:350)
	at qaframework.lib.webElements.WebElements.getOne(WebElements.java:34)
	at qaframework.lib.webElements.WebElements.clearInputValue(WebElements.java:72)
	at lib.page.Login.enterUserName(Login.java:83)
	at lib.page.Login.login(Login.java:45)
	at requirementGroup.DICOMSettings.HappyDayLocalSettings.testHappyDay68316(HappyDayLocalSettings.java:282)
	at sun.reflect.NativeMethodAccessorImpl.invoke0(Native Method)
	at sun.reflect.NativeMethodAccessorImpl.invoke(NativeMethodAccessorImpl.java:57)
	at sun.reflect.DelegatingMethodAccessorImpl.invoke(DelegatingMethodAccessorImpl.java:43)
	at java.lang.reflect.Method.invoke(Method.java:606)
	at org.testng.internal.MethodInvocationHelper.invokeMethod(MethodInvocationHelper.java:85)
	at org.testng.internal.Invoker.invokeMethod(Invoker.java:648)
	at org.testng.internal.Invoker.invokeTestMethod(Invoker.java:834)
	at org.testng.internal.Invoker.invokeTestMethods(Invoker.java:1142)
	at org.testng.internal.TestMethodWorker.invokeTestMethods(TestMethodWorker.java:124)
	at org.testng.internal.TestMethodWorker.run(TestMethodWorker.java:108)
	at org.testng.TestRunner.privateRun(TestRunner.java:771)
	at org.testng.TestRunner.run(TestRunner.java:621)
	at org.testng.SuiteRunner.runTest(SuiteRunner.java:357)
	at org.testng.SuiteRunner.runSequentially(SuiteRunner.java:352)
	at org.testng.SuiteRunner.privateRun(SuiteRunner.java:310)
	at org.testng.SuiteRunner.run(SuiteRunner.java:259)
	at org.testng.SuiteRunnerWorker.runSuite(SuiteRunnerWorker.java:52)
	at org.testng.SuiteRunnerWorker.run(SuiteRunnerWorker.java:86)
	at org.testng.TestNG.runSuitesSequentially(TestNG.java:1176)
	at org.testng.TestNG.runSuitesLocally(TestNG.java:1101)
	at org.testng.TestNG.run(TestNG.java:1009)
	at org.testng.remote.RemoteTestNG.run(RemoteTestNG.java:111)
	at org.testng.remote.RemoteTestNG.initAndRun(RemoteTestNG.java:204)
	at org.testng.remote.RemoteTestNG.main(RemoteTestNG.java:175)
</pre></div></td>
<td>100</td>
<td>requirementGroup.DICOMSettings.HappyDayLocalSettings@2f2ffd81</td></tr>
<tr>
<td title='requirementGroup.DICOMSettings.HappyDayLocalSettings.testHappyDay68321()'><b>testHappyDay68321</b><br>Test class: requirementGroup.DICOMSettings.HappyDayLocalSettings<br>Test method: Verify that the HTML report editor opens when adding reports in Web Reporter page if 'Use HTML Report Editor' option is enabled in Local Settings.</td>
<td><div><pre>org.openqa.selenium.NoSuchElementException: Unable to find element with xpath == //input[@type=&apos;text&apos;][@name=&apos;credential_0&apos;] (WARNING: The server did not provide any stacktrace information)
Command duration or timeout: 15.11 seconds
For documentation on this error, please visit: http://seleniumhq.org/exceptions/no_such_element.html
Build info: version: &apos;2.46.0&apos;, revision: &apos;61506a4624b13675f24581e453592342b7485d71&apos;, time: &apos;2015-06-04 10:22:50&apos;
System info: host: &apos;Medweb-QSG&apos;, ip: &apos;192.168.27.51&apos;, os.name: &apos;Windows 8&apos;, os.arch: &apos;amd64&apos;, os.version: &apos;6.2&apos;, java.version: &apos;1.7.0_51&apos;
*** Element info: {Using=xpath, value=//input[@type=&apos;text&apos;][@name=&apos;credential_0&apos;]}
Session ID: d1ae463f-1310-482e-9d35-80a5c8fb3f6e
Driver info: org.openqa.selenium.ie.InternetExplorerDriver
Capabilities [{platform=WINDOWS, javascriptEnabled=true, elementScrollBehavior=0, ignoreZoomSetting=false, enablePersistentHover=true, ie.ensureCleanSession=false, browserName=internet explorer, enableElementCacheCleanup=true, unexpectedAlertBehaviour=dismiss, version=11, pageLoadStrategy=normal, ie.usePerProcessProxy=false, cssSelectorsEnabled=true, ignoreProtectedModeSettings=false, requireWindowFocus=false, initialBrowserUrl=http://localhost:21666/, handlesAlerts=true, ie.forceCreateProcessApi=false, nativeEvents=true, browserAttachTimeout=0, ie.browserCommandLineSwitches=, takesScreenshot=true}]
	at org.openqa.selenium.remote.ErrorHandler.createThrowable(ErrorHandler.java:204)
	at org.openqa.selenium.remote.ErrorHandler.throwIfResponseFailed(ErrorHandler.java:156)
	at org.openqa.selenium.remote.RemoteWebDriver.execute(RemoteWebDriver.java:605)
	at org.openqa.selenium.remote.RemoteWebDriver.findElement(RemoteWebDriver.java:358)
	at org.openqa.selenium.remote.RemoteWebDriver.findElementByXPath(RemoteWebDriver.java:455)
	at org.openqa.selenium.By$ByXPath.findElement(By.java:358)
	at org.openqa.selenium.remote.RemoteWebDriver.findElement(RemoteWebDriver.java:350)
	at qaframework.lib.webElements.WebElements.getOne(WebElements.java:34)
	at qaframework.lib.webElements.WebElements.clearInputValue(WebElements.java:72)
	at lib.page.Login.enterUserName(Login.java:83)
	at lib.page.Login.login(Login.java:45)
	at requirementGroup.DICOMSettings.HappyDayLocalSettings.testHappyDay68321(HappyDayLocalSettings.java:383)
... Removed 28 stack frames</pre></div><a href='#' onClick='toggleBox("stack-trace2079106435", this, "Click to show all stack frames", "Click to hide stack frames")'>Click to show all stack frames</a>
<div class='stack-trace' id='stack-trace2079106435'><pre>org.openqa.selenium.NoSuchElementException: Unable to find element with xpath == //input[@type=&apos;text&apos;][@name=&apos;credential_0&apos;] (WARNING: The server did not provide any stacktrace information)
Command duration or timeout: 15.11 seconds
For documentation on this error, please visit: http://seleniumhq.org/exceptions/no_such_element.html
Build info: version: &apos;2.46.0&apos;, revision: &apos;61506a4624b13675f24581e453592342b7485d71&apos;, time: &apos;2015-06-04 10:22:50&apos;
System info: host: &apos;Medweb-QSG&apos;, ip: &apos;192.168.27.51&apos;, os.name: &apos;Windows 8&apos;, os.arch: &apos;amd64&apos;, os.version: &apos;6.2&apos;, java.version: &apos;1.7.0_51&apos;
*** Element info: {Using=xpath, value=//input[@type=&apos;text&apos;][@name=&apos;credential_0&apos;]}
Session ID: d1ae463f-1310-482e-9d35-80a5c8fb3f6e
Driver info: org.openqa.selenium.ie.InternetExplorerDriver
Capabilities [{platform=WINDOWS, javascriptEnabled=true, elementScrollBehavior=0, ignoreZoomSetting=false, enablePersistentHover=true, ie.ensureCleanSession=false, browserName=internet explorer, enableElementCacheCleanup=true, unexpectedAlertBehaviour=dismiss, version=11, pageLoadStrategy=normal, ie.usePerProcessProxy=false, cssSelectorsEnabled=true, ignoreProtectedModeSettings=false, requireWindowFocus=false, initialBrowserUrl=http://localhost:21666/, handlesAlerts=true, ie.forceCreateProcessApi=false, nativeEvents=true, browserAttachTimeout=0, ie.browserCommandLineSwitches=, takesScreenshot=true}]
	at sun.reflect.NativeConstructorAccessorImpl.newInstance0(Native Method)
	at sun.reflect.NativeConstructorAccessorImpl.newInstance(NativeConstructorAccessorImpl.java:57)
	at sun.reflect.DelegatingConstructorAccessorImpl.newInstance(DelegatingConstructorAccessorImpl.java:45)
	at java.lang.reflect.Constructor.newInstance(Constructor.java:526)
	at org.openqa.selenium.remote.ErrorHandler.createThrowable(ErrorHandler.java:204)
	at org.openqa.selenium.remote.ErrorHandler.throwIfResponseFailed(ErrorHandler.java:156)
	at org.openqa.selenium.remote.RemoteWebDriver.execute(RemoteWebDriver.java:605)
	at org.openqa.selenium.remote.RemoteWebDriver.findElement(RemoteWebDriver.java:358)
	at org.openqa.selenium.remote.RemoteWebDriver.findElementByXPath(RemoteWebDriver.java:455)
	at org.openqa.selenium.By$ByXPath.findElement(By.java:358)
	at org.openqa.selenium.remote.RemoteWebDriver.findElement(RemoteWebDriver.java:350)
	at qaframework.lib.webElements.WebElements.getOne(WebElements.java:34)
	at qaframework.lib.webElements.WebElements.clearInputValue(WebElements.java:72)
	at lib.page.Login.enterUserName(Login.java:83)
	at lib.page.Login.login(Login.java:45)
	at requirementGroup.DICOMSettings.HappyDayLocalSettings.testHappyDay68321(HappyDayLocalSettings.java:383)
	at sun.reflect.NativeMethodAccessorImpl.invoke0(Native Method)
	at sun.reflect.NativeMethodAccessorImpl.invoke(NativeMethodAccessorImpl.java:57)
	at sun.reflect.DelegatingMethodAccessorImpl.invoke(DelegatingMethodAccessorImpl.java:43)
	at java.lang.reflect.Method.invoke(Method.java:606)
	at org.testng.internal.MethodInvocationHelper.invokeMethod(MethodInvocationHelper.java:85)
	at org.testng.internal.Invoker.invokeMethod(Invoker.java:648)
	at org.testng.internal.Invoker.invokeTestMethod(Invoker.java:834)
	at org.testng.internal.Invoker.invokeTestMethods(Invoker.java:1142)
	at org.testng.internal.TestMethodWorker.invokeTestMethods(TestMethodWorker.java:124)
	at org.testng.internal.TestMethodWorker.run(TestMethodWorker.java:108)
	at org.testng.TestRunner.privateRun(TestRunner.java:771)
	at org.testng.TestRunner.run(TestRunner.java:621)
	at org.testng.SuiteRunner.runTest(SuiteRunner.java:357)
	at org.testng.SuiteRunner.runSequentially(SuiteRunner.java:352)
	at org.testng.SuiteRunner.privateRun(SuiteRunner.java:310)
	at org.testng.SuiteRunner.run(SuiteRunner.java:259)
	at org.testng.SuiteRunnerWorker.runSuite(SuiteRunnerWorker.java:52)
	at org.testng.SuiteRunnerWorker.run(SuiteRunnerWorker.java:86)
	at org.testng.TestNG.runSuitesSequentially(TestNG.java:1176)
	at org.testng.TestNG.runSuitesLocally(TestNG.java:1101)
	at org.testng.TestNG.run(TestNG.java:1009)
	at org.testng.remote.RemoteTestNG.run(RemoteTestNG.java:111)
	at org.testng.remote.RemoteTestNG.initAndRun(RemoteTestNG.java:204)
	at org.testng.remote.RemoteTestNG.main(RemoteTestNG.java:175)
</pre></div></td>
<td>48</td>
<td>requirementGroup.DICOMSettings.HappyDayLocalSettings@2f2ffd81</td></tr>
<tr>
<td title='requirementGroup.DICOMSettings.HappyDayLocalSettings.testHappyDay68324()'><b>testHappyDay68324</b><br>Test class: requirementGroup.DICOMSettings.HappyDayLocalSettings<br>Test method: Verify that the digital signature appears at the bottom of a signed report when 'Add Digital Signature block to Signed reports' option is enabled.</td>
<td><div><pre>org.openqa.selenium.NoSuchElementException: Unable to find element with xpath == //td[contains(text(),&apos;PFQ000206S&apos;)]//preceding-sibling::td//input (WARNING: The server did not provide any stacktrace information)
Command duration or timeout: 15.27 seconds
For documentation on this error, please visit: http://seleniumhq.org/exceptions/no_such_element.html
Build info: version: &apos;2.46.0&apos;, revision: &apos;61506a4624b13675f24581e453592342b7485d71&apos;, time: &apos;2015-06-04 10:22:50&apos;
System info: host: &apos;Medweb-QSG&apos;, ip: &apos;192.168.27.51&apos;, os.name: &apos;Windows 8&apos;, os.arch: &apos;amd64&apos;, os.version: &apos;6.2&apos;, java.version: &apos;1.7.0_51&apos;
*** Element info: {Using=xpath, value=//td[contains(text(),&apos;PFQ000206S&apos;)]//preceding-sibling::td//input}
Session ID: 05fc8b7c-b652-4f5a-a2ed-9ab01b572e66
Driver info: org.openqa.selenium.ie.InternetExplorerDriver
Capabilities [{platform=WINDOWS, javascriptEnabled=true, elementScrollBehavior=0, ignoreZoomSetting=false, enablePersistentHover=true, ie.ensureCleanSession=false, browserName=internet explorer, enableElementCacheCleanup=true, unexpectedAlertBehaviour=dismiss, version=11, pageLoadStrategy=normal, ie.usePerProcessProxy=false, cssSelectorsEnabled=true, ignoreProtectedModeSettings=false, requireWindowFocus=false, initialBrowserUrl=http://localhost:26974/, handlesAlerts=true, ie.forceCreateProcessApi=false, nativeEvents=true, browserAttachTimeout=0, ie.browserCommandLineSwitches=, takesScreenshot=true}]
	at org.openqa.selenium.remote.ErrorHandler.createThrowable(ErrorHandler.java:204)
	at org.openqa.selenium.remote.ErrorHandler.throwIfResponseFailed(ErrorHandler.java:156)
	at org.openqa.selenium.remote.RemoteWebDriver.execute(RemoteWebDriver.java:605)
	at org.openqa.selenium.remote.RemoteWebDriver.findElement(RemoteWebDriver.java:358)
	at org.openqa.selenium.remote.RemoteWebDriver.findElementByXPath(RemoteWebDriver.java:455)
	at org.openqa.selenium.By$ByXPath.findElement(By.java:358)
	at org.openqa.selenium.remote.RemoteWebDriver.findElement(RemoteWebDriver.java:350)
	at qaframework.lib.webElements.WebElements.getOne(WebElements.java:34)
	at lib.page.ViewPatients.deSelThisStudyReadCheckBox(ViewPatients.java:875)
	at requirementGroup.DICOMSettings.HappyDayLocalSettings.testHappyDay68324(HappyDayLocalSettings.java:688)
... Removed 28 stack frames</pre></div><a href='#' onClick='toggleBox("stack-trace1356591055", this, "Click to show all stack frames", "Click to hide stack frames")'>Click to show all stack frames</a>
<div class='stack-trace' id='stack-trace1356591055'><pre>org.openqa.selenium.NoSuchElementException: Unable to find element with xpath == //td[contains(text(),&apos;PFQ000206S&apos;)]//preceding-sibling::td//input (WARNING: The server did not provide any stacktrace information)
Command duration or timeout: 15.27 seconds
For documentation on this error, please visit: http://seleniumhq.org/exceptions/no_such_element.html
Build info: version: &apos;2.46.0&apos;, revision: &apos;61506a4624b13675f24581e453592342b7485d71&apos;, time: &apos;2015-06-04 10:22:50&apos;
System info: host: &apos;Medweb-QSG&apos;, ip: &apos;192.168.27.51&apos;, os.name: &apos;Windows 8&apos;, os.arch: &apos;amd64&apos;, os.version: &apos;6.2&apos;, java.version: &apos;1.7.0_51&apos;
*** Element info: {Using=xpath, value=//td[contains(text(),&apos;PFQ000206S&apos;)]//preceding-sibling::td//input}
Session ID: 05fc8b7c-b652-4f5a-a2ed-9ab01b572e66
Driver info: org.openqa.selenium.ie.InternetExplorerDriver
Capabilities [{platform=WINDOWS, javascriptEnabled=true, elementScrollBehavior=0, ignoreZoomSetting=false, enablePersistentHover=true, ie.ensureCleanSession=false, browserName=internet explorer, enableElementCacheCleanup=true, unexpectedAlertBehaviour=dismiss, version=11, pageLoadStrategy=normal, ie.usePerProcessProxy=false, cssSelectorsEnabled=true, ignoreProtectedModeSettings=false, requireWindowFocus=false, initialBrowserUrl=http://localhost:26974/, handlesAlerts=true, ie.forceCreateProcessApi=false, nativeEvents=true, browserAttachTimeout=0, ie.browserCommandLineSwitches=, takesScreenshot=true}]
	at sun.reflect.NativeConstructorAccessorImpl.newInstance0(Native Method)
	at sun.reflect.NativeConstructorAccessorImpl.newInstance(NativeConstructorAccessorImpl.java:57)
	at sun.reflect.DelegatingConstructorAccessorImpl.newInstance(DelegatingConstructorAccessorImpl.java:45)
	at java.lang.reflect.Constructor.newInstance(Constructor.java:526)
	at org.openqa.selenium.remote.ErrorHandler.createThrowable(ErrorHandler.java:204)
	at org.openqa.selenium.remote.ErrorHandler.throwIfResponseFailed(ErrorHandler.java:156)
	at org.openqa.selenium.remote.RemoteWebDriver.execute(RemoteWebDriver.java:605)
	at org.openqa.selenium.remote.RemoteWebDriver.findElement(RemoteWebDriver.java:358)
	at org.openqa.selenium.remote.RemoteWebDriver.findElementByXPath(RemoteWebDriver.java:455)
	at org.openqa.selenium.By$ByXPath.findElement(By.java:358)
	at org.openqa.selenium.remote.RemoteWebDriver.findElement(RemoteWebDriver.java:350)
	at qaframework.lib.webElements.WebElements.getOne(WebElements.java:34)
	at lib.page.ViewPatients.deSelThisStudyReadCheckBox(ViewPatients.java:875)
	at requirementGroup.DICOMSettings.HappyDayLocalSettings.testHappyDay68324(HappyDayLocalSettings.java:688)
	at sun.reflect.NativeMethodAccessorImpl.invoke0(Native Method)
	at sun.reflect.NativeMethodAccessorImpl.invoke(NativeMethodAccessorImpl.java:57)
	at sun.reflect.DelegatingMethodAccessorImpl.invoke(DelegatingMethodAccessorImpl.java:43)
	at java.lang.reflect.Method.invoke(Method.java:606)
	at org.testng.internal.MethodInvocationHelper.invokeMethod(MethodInvocationHelper.java:85)
	at org.testng.internal.Invoker.invokeMethod(Invoker.java:648)
	at org.testng.internal.Invoker.invokeTestMethod(Invoker.java:834)
	at org.testng.internal.Invoker.invokeTestMethods(Invoker.java:1142)
	at org.testng.internal.TestMethodWorker.invokeTestMethods(TestMethodWorker.java:124)
	at org.testng.internal.TestMethodWorker.run(TestMethodWorker.java:108)
	at org.testng.TestRunner.privateRun(TestRunner.java:771)
	at org.testng.TestRunner.run(TestRunner.java:621)
	at org.testng.SuiteRunner.runTest(SuiteRunner.java:357)
	at org.testng.SuiteRunner.runSequentially(SuiteRunner.java:352)
	at org.testng.SuiteRunner.privateRun(SuiteRunner.java:310)
	at org.testng.SuiteRunner.run(SuiteRunner.java:259)
	at org.testng.SuiteRunnerWorker.runSuite(SuiteRunnerWorker.java:52)
	at org.testng.SuiteRunnerWorker.run(SuiteRunnerWorker.java:86)
	at org.testng.TestNG.runSuitesSequentially(TestNG.java:1176)
	at org.testng.TestNG.runSuitesLocally(TestNG.java:1101)
	at org.testng.TestNG.run(TestNG.java:1009)
	at org.testng.remote.RemoteTestNG.run(RemoteTestNG.java:111)
	at org.testng.remote.RemoteTestNG.initAndRun(RemoteTestNG.java:204)
	at org.testng.remote.RemoteTestNG.main(RemoteTestNG.java:175)
</pre></div></td>
<td>83</td>
<td>requirementGroup.DICOMSettings.HappyDayLocalSettings@2f2ffd81</td></tr>
<tr>
<td title='requirementGroup.DICOMSettings.HappyDayLocalSettings.testHappyDay68326()'><b>testHappyDay68326</b><br>Test class: requirementGroup.DICOMSettings.HappyDayLocalSettings<br>Test method: Verify that the study is automatically marked as 'Read' when the option 'Mark study as 'Read' when the report is signed' is enabled.</td>
<td><div><pre>org.openqa.selenium.NoSuchElementException: Unable to find element with xpath == //td[contains(text(),&apos;PFQ000206S&apos;)]//preceding-sibling::td//input (WARNING: The server did not provide any stacktrace information)
Command duration or timeout: 15.24 seconds
For documentation on this error, please visit: http://seleniumhq.org/exceptions/no_such_element.html
Build info: version: &apos;2.46.0&apos;, revision: &apos;61506a4624b13675f24581e453592342b7485d71&apos;, time: &apos;2015-06-04 10:22:50&apos;
System info: host: &apos;Medweb-QSG&apos;, ip: &apos;192.168.27.51&apos;, os.name: &apos;Windows 8&apos;, os.arch: &apos;amd64&apos;, os.version: &apos;6.2&apos;, java.version: &apos;1.7.0_51&apos;
*** Element info: {Using=xpath, value=//td[contains(text(),&apos;PFQ000206S&apos;)]//preceding-sibling::td//input}
Session ID: d7948029-21cc-44a2-bca8-522544470b34
Driver info: org.openqa.selenium.ie.InternetExplorerDriver
Capabilities [{platform=WINDOWS, javascriptEnabled=true, elementScrollBehavior=0, ignoreZoomSetting=false, enablePersistentHover=true, ie.ensureCleanSession=false, browserName=internet explorer, enableElementCacheCleanup=true, unexpectedAlertBehaviour=dismiss, version=11, pageLoadStrategy=normal, ie.usePerProcessProxy=false, cssSelectorsEnabled=true, ignoreProtectedModeSettings=false, requireWindowFocus=false, initialBrowserUrl=http://localhost:16951/, handlesAlerts=true, ie.forceCreateProcessApi=false, nativeEvents=true, browserAttachTimeout=0, ie.browserCommandLineSwitches=, takesScreenshot=true}]
	at org.openqa.selenium.remote.ErrorHandler.createThrowable(ErrorHandler.java:204)
	at org.openqa.selenium.remote.ErrorHandler.throwIfResponseFailed(ErrorHandler.java:156)
	at org.openqa.selenium.remote.RemoteWebDriver.execute(RemoteWebDriver.java:605)
	at org.openqa.selenium.remote.RemoteWebDriver.findElement(RemoteWebDriver.java:358)
	at org.openqa.selenium.remote.RemoteWebDriver.findElementByXPath(RemoteWebDriver.java:455)
	at org.openqa.selenium.By$ByXPath.findElement(By.java:358)
	at org.openqa.selenium.remote.RemoteWebDriver.findElement(RemoteWebDriver.java:350)
	at qaframework.lib.webElements.WebElements.getOne(WebElements.java:34)
	at lib.page.ViewPatients.deSelThisStudyReadCheckBox(ViewPatients.java:875)
	at requirementGroup.DICOMSettings.HappyDayLocalSettings.testHappyDay68326(HappyDayLocalSettings.java:577)
... Removed 28 stack frames</pre></div><a href='#' onClick='toggleBox("stack-trace2025082099", this, "Click to show all stack frames", "Click to hide stack frames")'>Click to show all stack frames</a>
<div class='stack-trace' id='stack-trace2025082099'><pre>org.openqa.selenium.NoSuchElementException: Unable to find element with xpath == //td[contains(text(),&apos;PFQ000206S&apos;)]//preceding-sibling::td//input (WARNING: The server did not provide any stacktrace information)
Command duration or timeout: 15.24 seconds
For documentation on this error, please visit: http://seleniumhq.org/exceptions/no_such_element.html
Build info: version: &apos;2.46.0&apos;, revision: &apos;61506a4624b13675f24581e453592342b7485d71&apos;, time: &apos;2015-06-04 10:22:50&apos;
System info: host: &apos;Medweb-QSG&apos;, ip: &apos;192.168.27.51&apos;, os.name: &apos;Windows 8&apos;, os.arch: &apos;amd64&apos;, os.version: &apos;6.2&apos;, java.version: &apos;1.7.0_51&apos;
*** Element info: {Using=xpath, value=//td[contains(text(),&apos;PFQ000206S&apos;)]//preceding-sibling::td//input}
Session ID: d7948029-21cc-44a2-bca8-522544470b34
Driver info: org.openqa.selenium.ie.InternetExplorerDriver
Capabilities [{platform=WINDOWS, javascriptEnabled=true, elementScrollBehavior=0, ignoreZoomSetting=false, enablePersistentHover=true, ie.ensureCleanSession=false, browserName=internet explorer, enableElementCacheCleanup=true, unexpectedAlertBehaviour=dismiss, version=11, pageLoadStrategy=normal, ie.usePerProcessProxy=false, cssSelectorsEnabled=true, ignoreProtectedModeSettings=false, requireWindowFocus=false, initialBrowserUrl=http://localhost:16951/, handlesAlerts=true, ie.forceCreateProcessApi=false, nativeEvents=true, browserAttachTimeout=0, ie.browserCommandLineSwitches=, takesScreenshot=true}]
	at sun.reflect.NativeConstructorAccessorImpl.newInstance0(Native Method)
	at sun.reflect.NativeConstructorAccessorImpl.newInstance(NativeConstructorAccessorImpl.java:57)
	at sun.reflect.DelegatingConstructorAccessorImpl.newInstance(DelegatingConstructorAccessorImpl.java:45)
	at java.lang.reflect.Constructor.newInstance(Constructor.java:526)
	at org.openqa.selenium.remote.ErrorHandler.createThrowable(ErrorHandler.java:204)
	at org.openqa.selenium.remote.ErrorHandler.throwIfResponseFailed(ErrorHandler.java:156)
	at org.openqa.selenium.remote.RemoteWebDriver.execute(RemoteWebDriver.java:605)
	at org.openqa.selenium.remote.RemoteWebDriver.findElement(RemoteWebDriver.java:358)
	at org.openqa.selenium.remote.RemoteWebDriver.findElementByXPath(RemoteWebDriver.java:455)
	at org.openqa.selenium.By$ByXPath.findElement(By.java:358)
	at org.openqa.selenium.remote.RemoteWebDriver.findElement(RemoteWebDriver.java:350)
	at qaframework.lib.webElements.WebElements.getOne(WebElements.java:34)
	at lib.page.ViewPatients.deSelThisStudyReadCheckBox(ViewPatients.java:875)
	at requirementGroup.DICOMSettings.HappyDayLocalSettings.testHappyDay68326(HappyDayLocalSettings.java:577)
	at sun.reflect.NativeMethodAccessorImpl.invoke0(Native Method)
	at sun.reflect.NativeMethodAccessorImpl.invoke(NativeMethodAccessorImpl.java:57)
	at sun.reflect.DelegatingMethodAccessorImpl.invoke(DelegatingMethodAccessorImpl.java:43)
	at java.lang.reflect.Method.invoke(Method.java:606)
	at org.testng.internal.MethodInvocationHelper.invokeMethod(MethodInvocationHelper.java:85)
	at org.testng.internal.Invoker.invokeMethod(Invoker.java:648)
	at org.testng.internal.Invoker.invokeTestMethod(Invoker.java:834)
	at org.testng.internal.Invoker.invokeTestMethods(Invoker.java:1142)
	at org.testng.internal.TestMethodWorker.invokeTestMethods(TestMethodWorker.java:124)
	at org.testng.internal.TestMethodWorker.run(TestMethodWorker.java:108)
	at org.testng.TestRunner.privateRun(TestRunner.java:771)
	at org.testng.TestRunner.run(TestRunner.java:621)
	at org.testng.SuiteRunner.runTest(SuiteRunner.java:357)
	at org.testng.SuiteRunner.runSequentially(SuiteRunner.java:352)
	at org.testng.SuiteRunner.privateRun(SuiteRunner.java:310)
	at org.testng.SuiteRunner.run(SuiteRunner.java:259)
	at org.testng.SuiteRunnerWorker.runSuite(SuiteRunnerWorker.java:52)
	at org.testng.SuiteRunnerWorker.run(SuiteRunnerWorker.java:86)
	at org.testng.TestNG.runSuitesSequentially(TestNG.java:1176)
	at org.testng.TestNG.runSuitesLocally(TestNG.java:1101)
	at org.testng.TestNG.run(TestNG.java:1009)
	at org.testng.remote.RemoteTestNG.run(RemoteTestNG.java:111)
	at org.testng.remote.RemoteTestNG.initAndRun(RemoteTestNG.java:204)
	at org.testng.remote.RemoteTestNG.main(RemoteTestNG.java:175)
</pre></div></td>
<td>75</td>
<td>requirementGroup.DICOMSettings.HappyDayLocalSettings@2f2ffd81</td></tr>
</table><p>
<table width='100%' border='1' class='invocation-passed'>
<tr><td colspan='4' align='center'><b>PASSED TESTS</b></td></tr>
<tr><td><b>Test method</b></td>
<td width="30%"><b>Exception</b></td>
<td width="10%"><b>Time (seconds)</b></td>
<td><b>Instance</b></td>
</tr>
<tr>
<td title='requirementGroup.DICOMSettings.HappyDayLocalSettings.testHappyDay64047()'><b>testHappyDay64047</b><br>Test class: requirementGroup.DICOMSettings.HappyDayLocalSettings<br>Test method: Verify that the 'Express Transcription' form is made as default report and the same is opened when 'Use Express Transcription as default report editor' is enabled.</td>
<td></td>
<td>32</td>
<td>requirementGroup.DICOMSettings.HappyDayLocalSettings@2f2ffd81</td></tr>
<tr>
<td title='requirementGroup.Users.HappyDayModifyingAdmin.testHappyDay68003()'><b>testHappyDay68003</b><br>Test class: requirementGroup.Users.HappyDayModifyingAdmin<br>Test method: Verify that the Click here to disable admin account hyperlink is absent in Administrator settings when there are no other admin accounts.</td>
<td></td>
<td>164</td>
<td>requirementGroup.Users.HappyDayModifyingAdmin@94f025b</td></tr>
<tr>
<td title='requirementGroup.ServiceStatus.HappyDaySoftwareInfo.testHappyDay68305()'><b>testHappyDay68305</b><br>Test class: requirementGroup.ServiceStatus.HappyDaySoftwareInfo<br>Test method: Verify that current version of Medweb Server is displayed in the Software On The Medweb Server page.</td>
<td></td>
<td>12</td>
<td>requirementGroup.ServiceStatus.HappyDaySoftwareInfo@55b82f66</td></tr>
</table><p>
<table width='100%' border='1' class='invocation-skipped'>
<tr><td colspan='4' align='center'><b>SKIPPED TESTS</b></td></tr>
<tr><td><b>Test method</b></td>
<td width="30%"><b>Exception</b></td>
<td width="10%"><b>Time (seconds)</b></td>
<td><b>Instance</b></td>
</tr>
<tr>
<td title='requirementGroup.ControlPanelServices.HappyDayMedwebStatistics.testHappyDay165867()'><b>testHappyDay165867</b><br>Test class: requirementGroup.ControlPanelServices.HappyDayMedwebStatistics<br>Test method: Verify that the user can access the Statistics from the remote server on the host server if the status is 'Available'.</td>
<td></td>
<td>0</td>
<td>requirementGroup.ControlPanelServices.HappyDayMedwebStatistics@15d023f2</td></tr>
<tr>
<td title='requirementGroup.ViewPatients.HappyDayImageManagementToolsQCSandbox.testHappyDay59393()'><b>testHappyDay59393</b><br>Test class: requirementGroup.ViewPatients.HappyDayImageManagementToolsQCSandbox<br>Test method: Verify that studies from an Aetitle are placed in the QC Sandbox when the option 'Place studies from this aetitle into the Trauma sandbox' is enabled in Destination Editor.</td>
<td></td>
<td>0</td>
<td>requirementGroup.ViewPatients.HappyDayImageManagementToolsQCSandbox@60413157</td></tr>
<tr>
<td title='requirementGroup.DICOMSettings.HappyDayLocalSettings.testHappyDay59406()'><b>testHappyDay59406</b><br>Test class: requirementGroup.DICOMSettings.HappyDayLocalSettings<br>Test method: Verify that an Accession number is automatically assigned for the incoming studies which are not having Accession number when option 'Assign unique Accession number to the study if this field is not set' is enabled.</td>
<td></td>
<td>0</td>
<td>requirementGroup.DICOMSettings.HappyDayLocalSettings@2f2ffd81</td></tr>
<tr>
<td title='requirementGroup.RISPatientSchedule.HappyDayPatientRegistration.testHappyDay62719()'><b>testHappyDay62719</b><br>Test class: requirementGroup.RISPatientSchedule.HappyDayPatientRegistration<br>Test method: Verify that a new patient can be registered by entering all the data in the New Patient form.</td>
<td></td>
<td>0</td>
<td>requirementGroup.RISPatientSchedule.HappyDayPatientRegistration@78df42ce</td></tr>
<tr>
<td title='requirementGroup.ControlPanelServices.HappyDayWorkflowProxy.testHappyDay68191()'><b>testHappyDay68191</b><br>Test class: requirementGroup.ControlPanelServices.HappyDayWorkflowProxy<br>Test method: Verify that when a valid rule for encryption and decryption is created, the tunnel listens on the lsitening port and trasmits data to the destination IP/port.</td>
<td></td>
<td>0</td>
<td>requirementGroup.ControlPanelServices.HappyDayWorkflowProxy@77ac385a</td></tr>
<tr>
<td title='requirementGroup.Maintenance.HappyDayBackup.testHappyDay68278()'><b>testHappyDay68278</b><br>Test class: requirementGroup.Maintenance.HappyDayBackup<br>Test method: Verify that the backup file is created and stored in the Medweb Server when 'Local Storage' is selected in type of transport.</td>
<td></td>
<td>0</td>
<td>requirementGroup.Maintenance.HappyDayBackup@13e7f00e</td></tr>
<tr>
<td title='requirementGroup.Maintenance.HappyDayBackup.testHappyDay68279()'><b>testHappyDay68279</b><br>Test class: requirementGroup.Maintenance.HappyDayBackup<br>Test method: Verify that the backup file is created and saved in the Remote server when 'Remote  Medweb Secure Tunnel' option is selected under 'Type of Transport'.</td>
<td></td>
<td>0</td>
<td>requirementGroup.Maintenance.HappyDayBackup@13e7f00e</td></tr>
<tr>
<td title='requirementGroup.Maintenance.HappyDayRestore.testHappyDay68292()'><b>testHappyDay68292</b><br>Test class: requirementGroup.Maintenance.HappyDayRestore<br>Test method: Veirfy that the backup file saved is restored when 'Restore this entry' icon is clicked next to the backup file.</td>
<td></td>
<td>0</td>
<td>requirementGroup.Maintenance.HappyDayRestore@1df06863</td></tr>
<tr>
<td title='requirementGroup.DICOMSettings.HappyDayAddingDestination.testHappyDay68366()'><b>testHappyDay68366</b><br>Test class: requirementGroup.DICOMSettings.HappyDayAddingDestination<br>Test method: Verify that the studies are routed to destination server using DICOM Protocol when the option ' DICOM Protocol' is enabled under Transport.</td>
<td></td>
<td>0</td>
<td>requirementGroup.DICOMSettings.HappyDayAddingDestination@99b2061</td></tr>
<tr>
<td title='requirementGroup.DICOMSettings.HappyDayAddingDestination.testHappyDay68372()'><b>testHappyDay68372</b><br>Test class: requirementGroup.DICOMSettings.HappyDayAddingDestination<br>Test method: Verify that the studies are routed to destination server using FTP over secure tunnel Protocol when the option 'FTP over Secure Tunnel (for slow/satellite links)' is enabled under Transport.</td>
<td></td>
<td>0</td>
<td>requirementGroup.DICOMSettings.HappyDayAddingDestination@99b2061</td></tr>
<tr>
<td title='requirementGroup.DICOMSettings.HappyDayAddingDestination.testHappyDay68373()'><b>testHappyDay68373</b><br>Test class: requirementGroup.DICOMSettings.HappyDayAddingDestination<br>Test method: Verify that the studies are routed to destination server using DICOM over secure tunnel Protocol when the option 'DICOM over Secure Tunnel is enabled under Transport .</td>
<td></td>
<td>0</td>
<td>requirementGroup.DICOMSettings.HappyDayAddingDestination@99b2061</td></tr>
<tr>
<td title='requirementGroup.DICOMSettings.HappyDayAetitleRouting.testHappyDay68385()'><b>testHappyDay68385</b><br>Test class: requirementGroup.DICOMSettings.HappyDayAetitleRouting<br>Test method: Verify that the study is routed to the destination AE if the study matches all the three rules.</td>
<td></td>
<td>0</td>
<td>requirementGroup.DICOMSettings.HappyDayAetitleRouting@3c4f4458</td></tr>
<tr>
<td title='requirementGroup.DICOMSettings.HappyDayAetitleRouting.testHappyDay68387()'><b>testHappyDay68387</b><br>Test class: requirementGroup.DICOMSettings.HappyDayAetitleRouting<br>Test method: Verify that only the signed reports of the study are routed when the 'Only signed reports' option is enabled under Route Reports section.</td>
<td></td>
<td>0</td>
<td>requirementGroup.DICOMSettings.HappyDayAetitleRouting@3c4f4458</td></tr>
<tr>
<td title='requirementGroup.DICOMSettings.HappyDayAetitleRouting.testHappyDay68389()'><b>testHappyDay68389</b><br>Test class: requirementGroup.DICOMSettings.HappyDayAetitleRouting<br>Test method: Verify that all the reports of the study are routed when the 'All reports' option is enabled under Route Reports section.</td>
<td></td>
<td>0</td>
<td>requirementGroup.DICOMSettings.HappyDayAetitleRouting@3c4f4458</td></tr>
<tr>
<td title='requirementGroup.DICOMSettings.HappyDayAetitleRouting.testHappyDay68393()'><b>testHappyDay68393</b><br>Test class: requirementGroup.DICOMSettings.HappyDayAetitleRouting<br>Test method: Verify that the studies are routed to the destination AE when an appropriate Match Filter is specified for the Attribute 'Patient name' .</td>
<td></td>
<td>0</td>
<td>requirementGroup.DICOMSettings.HappyDayAetitleRouting@3c4f4458</td></tr>
<tr>
<td title='requirementGroup.ViewPatients.HappyDayImageManagementToolsSendingPDFReports.testHappyDay68465()'><b>testHappyDay68465</b><br>Test class: requirementGroup.ViewPatients.HappyDayImageManagementToolsSendingPDFReports<br>Test method: Verify that a study can be sent to an e-mail recipient when mandatory and non-mandatory (all) fields are filled in Send study to recipient as PDF report by E-Fax/Mail page.</td>
<td></td>
<td>0</td>
<td>requirementGroup.ViewPatients.HappyDayImageManagementToolsSendingPDFReports@1daadbf7</td></tr>
<tr>
<td title='requirementGroup.ViewPatients.HappyDayImageManagementToolsSendingMWWReports.testHappyDay68467()'><b>testHappyDay68467</b><br>Test class: requirementGroup.ViewPatients.HappyDayImageManagementToolsSendingMWWReports<br>Test method: Verify that the study can be sent as a MWW attachment when mandatory and non- mandatory fields(all) are filled.</td>
<td></td>
<td>0</td>
<td>requirementGroup.ViewPatients.HappyDayImageManagementToolsSendingMWWReports@580e781f</td></tr>
<tr>
<td title='requirementGroup.ViewPatients.HappyDayWebReportsCreateReportsInReportEditor.testHappyDay68545()'><b>testHappyDay68545</b><br>Test class: requirementGroup.ViewPatients.HappyDayWebReportsCreateReportsInReportEditor<br>Test method: Verify that a user with rights to add new reports is allowed to create reports in 'Standard Report Editor'.</td>
<td></td>
<td>0</td>
<td>requirementGroup.ViewPatients.HappyDayWebReportsCreateReportsInReportEditor@12554af0</td></tr>
<tr>
<td title='requirementGroup.ViewPatients.HappyDayWebReportsCreateReportsInReportEditor.testHappyDay68553()'><b>testHappyDay68553</b><br>Test class: requirementGroup.ViewPatients.HappyDayWebReportsCreateReportsInReportEditor<br>Test method: Verify that a user with permission 'Attach documents to reports' is allowed to upload attachments to reports in Web reporter page.</td>
<td></td>
<td>0</td>
<td>requirementGroup.ViewPatients.HappyDayWebReportsCreateReportsInReportEditor@12554af0</td></tr>
</table><p>
</body>
</html>