<?xml version="1.0" encoding="UTF-8"?>
<!-- Generated by org.testng.reporters.JUnitReportReporter -->
<testsuite hostname="Medweb-QSG" name="requirementGroup.SmokeSuit.ServiceStatus.HappyDaySoftwareInfo" tests="1" failures="0" timestamp="12 Oct 2016 22:51:57 GMT" time="33.670" errors="0">
  <testcase name="testHappyDay68305" time="33.670" classname="requirementGroup.SmokeSuit.ServiceStatus.HappyDaySoftwareInfo"/>
</testsuite> <!-- requirementGroup.SmokeSuit.ServiceStatus.HappyDaySoftwareInfo -->
