<?xml version="1.0" encoding="UTF-8"?>
<!-- Generated by org.testng.reporters.JUnitReportReporter -->
<testsuite hostname="Medweb-QSG" name="requirementGroup.MedwebRadiologyStatistics.HappyDayStudiesStudiesArchivedByMTFAndDate" tests="1" failures="0" timestamp="8 Mar 2016 07:19:54 GMT" time="129.425" errors="0">
  <testcase name="testHappyDay69317" time="129.425" classname="requirementGroup.MedwebRadiologyStatistics.HappyDayStudiesStudiesArchivedByMTFAndDate"/>
</testsuite> <!-- requirementGroup.MedwebRadiologyStatistics.HappyDayStudiesStudiesArchivedByMTFAndDate -->
