<?xml version="1.0" encoding="UTF-8"?>
<!-- Generated by org.testng.reporters.JUnitReportReporter -->
<testsuite hostname="Medweb-QSG" name="requirementGroup.ViewPatients.HappyDaySearchUsingAdvancedSearchBar" tests="1" failures="0" timestamp="10 Mar 2016 07:54:25 GMT" time="90.460" errors="0">
  <testcase name="testHappyDay68544" time="90.460" classname="requirementGroup.ViewPatients.HappyDaySearchUsingAdvancedSearchBar"/>
</testsuite> <!-- requirementGroup.ViewPatients.HappyDaySearchUsingAdvancedSearchBar -->
