<?xml version="1.0" encoding="UTF-8"?>
<!-- Generated by org.testng.reporters.JUnitReportReporter -->
<testsuite hostname="Medweb-QSG" name="requirementGroup.SmokeSuit.DICOMSettings.HappyDayImportTemplatePage" tests="1" failures="0" timestamp="12 Dec 2016 11:42:55 GMT" time="53.250" errors="0">
  <testcase name="testHappyDay68350" time="53.250" classname="requirementGroup.SmokeSuit.DICOMSettings.HappyDayImportTemplatePage"/>
</testsuite> <!-- requirementGroup.SmokeSuit.DICOMSettings.HappyDayImportTemplatePage -->
