<?xml version="1.0" encoding="UTF-8"?>
<!-- Generated by org.testng.reporters.JUnitXMLReporter -->
<testsuite hostname="Medweb-QSG" name="testtorun" tests="4" failures="0" timestamp="3 Feb 2017 10:53:19 GMT" time="0.038" errors="0">
  <testcase name="methodfc" time="0.012" classname="samppack.firstclass"/>
  <testcase name="methodfd" time="0.001" classname="samppack.firstclass"/>
  <testcase name="methodn" time="0.0" classname="samppack.secondclass"/>
  <testcase name="methods" time="0.001" classname="samppack.secondclass"/>
</testsuite> <!-- testtorun -->
